#Software: Microsoft Internet Information Services 10.0
#Version: 1.0
#Date: 2018-05-07 08:24:47
#Fields: date time s-ip cs-method cs-uri-stem cs-uri-query s-port cs-username c-ip cs(User-Agent) cs(Referer) sc-status sc-substatus sc-win32-status time-taken
2018-05-07 08:24:47 ::1 GET / - 64962 - ::1 Mozilla/5.0+(Windows+NT+10.0;+WOW64)+AppleWebKit/537.36+(KHTML,+like+Gecko)+Chrome/63.0.3239.132+Safari/537.36 - 200 0 0 7551
2018-05-07 08:24:47 ::1 GET /Content/main.css - 64962 - ::1 Mozilla/5.0+(Windows+NT+10.0;+WOW64)+AppleWebKit/537.36+(KHTML,+like+Gecko)+Chrome/63.0.3239.132+Safari/537.36 http://localhost:64962/ 200 0 0 2
2018-05-07 08:24:47 ::1 GET /favicon.ico - 64962 - ::1 Mozilla/5.0+(Windows+NT+10.0;+WOW64)+AppleWebKit/537.36+(KHTML,+like+Gecko)+Chrome/63.0.3239.132+Safari/537.36 http://localhost:64962/ 200 0 0 2
2018-05-07 08:25:19 ::1 GET / - 64962 - ::1 Mozilla/5.0+(Windows+NT+10.0;+WOW64)+AppleWebKit/537.36+(KHTML,+like+Gecko)+Chrome/63.0.3239.132+Safari/537.36 - 200 0 0 4
2018-05-07 08:25:36 ::1 GET / - 64962 - ::1 Mozilla/5.0+(Windows+NT+10.0;+WOW64)+AppleWebKit/537.36+(KHTML,+like+Gecko)+Chrome/63.0.3239.132+Safari/537.36 - 200 0 0 4
#Software: Microsoft Internet Information Services 10.0
#Version: 1.0
#Date: 2018-05-07 08:28:32
#Fields: date time s-ip cs-method cs-uri-stem cs-uri-query s-port cs-username c-ip cs(User-Agent) cs(Referer) sc-status sc-substatus sc-win32-status time-taken
2018-05-07 08:28:32 ::1 GET / - 64962 - ::1 Mozilla/5.0+(Windows+NT+10.0;+WOW64)+AppleWebKit/537.36+(KHTML,+like+Gecko)+Chrome/63.0.3239.132+Safari/537.36 - 200 0 64 48207
2018-05-07 08:29:04 ::1 GET / - 64962 - ::1 Mozilla/5.0+(Windows+NT+10.0;+WOW64)+AppleWebKit/537.36+(KHTML,+like+Gecko)+Chrome/63.0.3239.132+Safari/537.36 - 200 0 0 75098
2018-05-07 08:29:04 ::1 GET / - 64962 - ::1 Mozilla/5.0+(Windows+NT+10.0;+WOW64)+AppleWebKit/537.36+(KHTML,+like+Gecko)+Chrome/63.0.3239.132+Safari/537.36 - 200 0 64 108476
2018-05-07 08:29:04 ::1 GET /Content/Site.css - 64962 - ::1 Mozilla/5.0+(Windows+NT+10.0;+WOW64)+AppleWebKit/537.36+(KHTML,+like+Gecko)+Chrome/63.0.3239.132+Safari/537.36 http://localhost:64962/ 200 0 0 5
2018-05-07 08:29:04 ::1 GET /Scripts/modernizr-2.6.2.js - 64962 - ::1 Mozilla/5.0+(Windows+NT+10.0;+WOW64)+AppleWebKit/537.36+(KHTML,+like+Gecko)+Chrome/63.0.3239.132+Safari/537.36 http://localhost:64962/ 200 0 0 9
2018-05-07 08:29:04 ::1 GET /Content/RentMyWrox.css - 64962 - ::1 Mozilla/5.0+(Windows+NT+10.0;+WOW64)+AppleWebKit/537.36+(KHTML,+like+Gecko)+Chrome/63.0.3239.132+Safari/537.36 http://localhost:64962/ 200 0 0 14
2018-05-07 08:29:04 ::1 GET /bundles/MsAjaxJs v=D6VN0fHlwFSIWjbVzi6mZyE9Ls-4LNrSSYVGRU46XF81 64962 - ::1 Mozilla/5.0+(Windows+NT+10.0;+WOW64)+AppleWebKit/537.36+(KHTML,+like+Gecko)+Chrome/63.0.3239.132+Safari/537.36 http://localhost:64962/ 200 0 0 13
2018-05-07 08:29:04 ::1 GET /Content/bootstrap.css - 64962 - ::1 Mozilla/5.0+(Windows+NT+10.0;+WOW64)+AppleWebKit/537.36+(KHTML,+like+Gecko)+Chrome/63.0.3239.132+Safari/537.36 http://localhost:64962/ 200 0 0 24
2018-05-07 08:29:04 ::1 GET /Scripts/modernizr-2.8.3.js - 64962 - ::1 Mozilla/5.0+(Windows+NT+10.0;+WOW64)+AppleWebKit/537.36+(KHTML,+like+Gecko)+Chrome/63.0.3239.132+Safari/537.36 http://localhost:64962/ 200 0 0 33
2018-05-07 08:29:04 ::1 GET /Scripts/jquery-2.1.4.js - 64962 - ::1 Mozilla/5.0+(Windows+NT+10.0;+WOW64)+AppleWebKit/537.36+(KHTML,+like+Gecko)+Chrome/63.0.3239.132+Safari/537.36 http://localhost:64962/ 200 0 0 58
2018-05-07 08:29:04 ::1 GET /bundles/WebFormsJs v=N8tymL9KraMLGAMFuPycfH3pXe6uUlRXdhtYv8A_jUU1 64962 - ::1 Mozilla/5.0+(Windows+NT+10.0;+WOW64)+AppleWebKit/537.36+(KHTML,+like+Gecko)+Chrome/63.0.3239.132+Safari/537.36 http://localhost:64962/ 200 0 0 3
2018-05-07 08:29:04 ::1 GET /Scripts/bootstrap.js - 64962 - ::1 Mozilla/5.0+(Windows+NT+10.0;+WOW64)+AppleWebKit/537.36+(KHTML,+like+Gecko)+Chrome/63.0.3239.132+Safari/537.36 http://localhost:64962/ 200 0 0 29
2018-05-07 08:29:04 ::1 GET /Scripts/respond.js - 64962 - ::1 Mozilla/5.0+(Windows+NT+10.0;+WOW64)+AppleWebKit/537.36+(KHTML,+like+Gecko)+Chrome/63.0.3239.132+Safari/537.36 http://localhost:64962/ 200 0 0 22
2018-05-07 08:29:04 ::1 GET /rentmywrox_logo.gif - 64962 - ::1 Mozilla/5.0+(Windows+NT+10.0;+WOW64)+AppleWebKit/537.36+(KHTML,+like+Gecko)+Chrome/63.0.3239.132+Safari/537.36 http://localhost:64962/ 404 0 2 1
2018-05-07 08:29:04 ::1 GET /bundles/common - 64962 - ::1 Mozilla/5.0+(Windows+NT+10.0;+WOW64)+AppleWebKit/537.36+(KHTML,+like+Gecko)+Chrome/63.0.3239.132+Safari/537.36 http://localhost:64962/ 200 0 0 324
2018-05-07 08:29:04 ::1 GET /StoreOpen - 64962 - ::1 Mozilla/5.0+(Windows+NT+10.0;+WOW64)+AppleWebKit/537.36+(KHTML,+like+Gecko)+Chrome/63.0.3239.132+Safari/537.36 http://localhost:64962/ 200 0 0 13
2018-05-07 08:29:25 ::1 GET /StoreOpen - 64962 - ::1 Mozilla/5.0+(Windows+NT+10.0;+WOW64)+AppleWebKit/537.36+(KHTML,+like+Gecko)+Chrome/63.0.3239.132+Safari/537.36 http://localhost:64962/ 200 0 0 9
2018-05-07 08:29:46 ::1 GET /StoreOpen - 64962 - ::1 Mozilla/5.0+(Windows+NT+10.0;+WOW64)+AppleWebKit/537.36+(KHTML,+like+Gecko)+Chrome/63.0.3239.132+Safari/537.36 http://localhost:64962/ 200 0 0 8
2018-05-07 08:30:07 ::1 GET /StoreOpen - 64962 - ::1 Mozilla/5.0+(Windows+NT+10.0;+WOW64)+AppleWebKit/537.36+(KHTML,+like+Gecko)+Chrome/63.0.3239.132+Safari/537.36 http://localhost:64962/ 200 0 0 5
2018-05-07 08:30:28 ::1 GET /StoreOpen - 64962 - ::1 Mozilla/5.0+(Windows+NT+10.0;+WOW64)+AppleWebKit/537.36+(KHTML,+like+Gecko)+Chrome/63.0.3239.132+Safari/537.36 http://localhost:64962/ 200 0 0 8
2018-05-07 08:30:49 ::1 GET /StoreOpen - 64962 - ::1 Mozilla/5.0+(Windows+NT+10.0;+WOW64)+AppleWebKit/537.36+(KHTML,+like+Gecko)+Chrome/63.0.3239.132+Safari/537.36 http://localhost:64962/ 200 0 0 7
2018-05-07 08:31:10 ::1 GET /StoreOpen - 64962 - ::1 Mozilla/5.0+(Windows+NT+10.0;+WOW64)+AppleWebKit/537.36+(KHTML,+like+Gecko)+Chrome/63.0.3239.132+Safari/537.36 http://localhost:64962/ 200 0 0 5
2018-05-07 08:31:21 ::1 GET /Contact - 64962 - ::1 Mozilla/5.0+(Windows+NT+10.0;+WOW64)+AppleWebKit/537.36+(KHTML,+like+Gecko)+Chrome/63.0.3239.132+Safari/537.36 http://localhost:64962/ 200 0 0 16
2018-05-07 08:31:21 ::1 GET /rentmywrox_logo.gif - 64962 - ::1 Mozilla/5.0+(Windows+NT+10.0;+WOW64)+AppleWebKit/537.36+(KHTML,+like+Gecko)+Chrome/63.0.3239.132+Safari/537.36 http://localhost:64962/Contact 404 0 2 4
2018-05-07 08:31:21 ::1 GET /StoreOpen - 64962 - ::1 Mozilla/5.0+(Windows+NT+10.0;+WOW64)+AppleWebKit/537.36+(KHTML,+like+Gecko)+Chrome/63.0.3239.132+Safari/537.36 http://localhost:64962/Contact 200 0 0 2
2018-05-07 08:31:21 ::1 GET /About - 64962 - ::1 Mozilla/5.0+(Windows+NT+10.0;+WOW64)+AppleWebKit/537.36+(KHTML,+like+Gecko)+Chrome/63.0.3239.132+Safari/537.36 http://localhost:64962/Contact 200 0 0 14
2018-05-07 08:31:21 ::1 GET /rentmywrox_logo.gif - 64962 - ::1 Mozilla/5.0+(Windows+NT+10.0;+WOW64)+AppleWebKit/537.36+(KHTML,+like+Gecko)+Chrome/63.0.3239.132+Safari/537.36 http://localhost:64962/About 404 0 2 1
2018-05-07 08:31:21 ::1 GET /StoreOpen - 64962 - ::1 Mozilla/5.0+(Windows+NT+10.0;+WOW64)+AppleWebKit/537.36+(KHTML,+like+Gecko)+Chrome/63.0.3239.132+Safari/537.36 http://localhost:64962/About 200 0 0 2
