#Software: Microsoft Internet Information Services 10.0
#Version: 1.0
#Date: 2018-06-12 14:58:01
#Fields: date time s-ip cs-method cs-uri-stem cs-uri-query s-port cs-username c-ip cs(User-Agent) cs(Referer) sc-status sc-substatus sc-win32-status time-taken
2018-06-12 14:58:01 ::1 GET /type.html - 50489 - ::1 Mozilla/5.0+(Windows+NT+10.0;+WOW64)+AppleWebKit/537.36+(KHTML,+like+Gecko)+Chrome/63.0.3239.132+Safari/537.36 - 200 0 0 19
2018-06-12 14:58:01 ::1 GET /css/layout.css - 50489 - ::1 Mozilla/5.0+(Windows+NT+10.0;+WOW64)+AppleWebKit/537.36+(KHTML,+like+Gecko)+Chrome/63.0.3239.132+Safari/537.36 http://localhost:50489/type.html 200 0 0 8
2018-06-12 14:58:01 ::1 GET /js/type.js - 50489 - ::1 Mozilla/5.0+(Windows+NT+10.0;+WOW64)+AppleWebKit/537.36+(KHTML,+like+Gecko)+Chrome/63.0.3239.132+Safari/537.36 http://localhost:50489/type.html 200 0 0 18
2018-06-12 14:58:01 ::1 GET /js/jquery-1.11.0.min.js - 50489 - ::1 Mozilla/5.0+(Windows+NT+10.0;+WOW64)+AppleWebKit/537.36+(KHTML,+like+Gecko)+Chrome/63.0.3239.132+Safari/537.36 http://localhost:50489/type.html 200 0 0 24
2018-06-12 14:58:01 ::1 GET /images/t1.jpg - 50489 - ::1 Mozilla/5.0+(Windows+NT+10.0;+WOW64)+AppleWebKit/537.36+(KHTML,+like+Gecko)+Chrome/63.0.3239.132+Safari/537.36 http://localhost:50489/type.html 200 0 0 22
2018-06-12 14:58:01 ::1 GET /images/che.jpg - 50489 - ::1 Mozilla/5.0+(Windows+NT+10.0;+WOW64)+AppleWebKit/537.36+(KHTML,+like+Gecko)+Chrome/63.0.3239.132+Safari/537.36 http://localhost:50489/type.html 200 0 0 34
2018-06-12 14:58:01 ::1 GET /images/jn2.jpg - 50489 - ::1 Mozilla/5.0+(Windows+NT+10.0;+WOW64)+AppleWebKit/537.36+(KHTML,+like+Gecko)+Chrome/63.0.3239.132+Safari/537.36 http://localhost:50489/type.html 200 0 0 38
2018-06-12 14:58:01 ::1 GET /images/jn3.jpg - 50489 - ::1 Mozilla/5.0+(Windows+NT+10.0;+WOW64)+AppleWebKit/537.36+(KHTML,+like+Gecko)+Chrome/63.0.3239.132+Safari/537.36 http://localhost:50489/type.html 200 0 0 43
2018-06-12 14:58:01 ::1 GET /images/jn5.jpg - 50489 - ::1 Mozilla/5.0+(Windows+NT+10.0;+WOW64)+AppleWebKit/537.36+(KHTML,+like+Gecko)+Chrome/63.0.3239.132+Safari/537.36 http://localhost:50489/type.html 200 0 0 11
2018-06-12 14:58:01 ::1 GET /images/banner.jpg - 50489 - ::1 Mozilla/5.0+(Windows+NT+10.0;+WOW64)+AppleWebKit/537.36+(KHTML,+like+Gecko)+Chrome/63.0.3239.132+Safari/537.36 http://localhost:50489/type.html 200 0 0 49
2018-06-12 14:58:01 ::1 GET /images/jn1.jpg - 50489 - ::1 Mozilla/5.0+(Windows+NT+10.0;+WOW64)+AppleWebKit/537.36+(KHTML,+like+Gecko)+Chrome/63.0.3239.132+Safari/537.36 http://localhost:50489/type.html 200 0 0 56
2018-06-12 14:58:01 ::1 GET /images/jn6.jpg - 50489 - ::1 Mozilla/5.0+(Windows+NT+10.0;+WOW64)+AppleWebKit/537.36+(KHTML,+like+Gecko)+Chrome/63.0.3239.132+Safari/537.36 http://localhost:50489/type.html 200 0 0 17
2018-06-12 14:58:01 ::1 GET /images/jn4.jpg - 50489 - ::1 Mozilla/5.0+(Windows+NT+10.0;+WOW64)+AppleWebKit/537.36+(KHTML,+like+Gecko)+Chrome/63.0.3239.132+Safari/537.36 http://localhost:50489/type.html 200 0 0 84
2018-06-12 14:58:01 ::1 GET /images/jn7.jpg - 50489 - ::1 Mozilla/5.0+(Windows+NT+10.0;+WOW64)+AppleWebKit/537.36+(KHTML,+like+Gecko)+Chrome/63.0.3239.132+Safari/537.36 http://localhost:50489/type.html 200 0 0 47
2018-06-12 14:58:01 ::1 GET /images/jn8.jpg - 50489 - ::1 Mozilla/5.0+(Windows+NT+10.0;+WOW64)+AppleWebKit/537.36+(KHTML,+like+Gecko)+Chrome/63.0.3239.132+Safari/537.36 http://localhost:50489/type.html 200 0 0 26
2018-06-12 14:58:01 ::1 GET /images/jn10.jpg - 50489 - ::1 Mozilla/5.0+(Windows+NT+10.0;+WOW64)+AppleWebKit/537.36+(KHTML,+like+Gecko)+Chrome/63.0.3239.132+Safari/537.36 http://localhost:50489/type.html 200 0 0 23
2018-06-12 14:58:01 ::1 GET /images/jn9.jpg - 50489 - ::1 Mozilla/5.0+(Windows+NT+10.0;+WOW64)+AppleWebKit/537.36+(KHTML,+like+Gecko)+Chrome/63.0.3239.132+Safari/537.36 http://localhost:50489/type.html 200 0 0 25
2018-06-12 14:58:01 ::1 GET /images/typeact1.jpg - 50489 - ::1 Mozilla/5.0+(Windows+NT+10.0;+WOW64)+AppleWebKit/537.36+(KHTML,+like+Gecko)+Chrome/63.0.3239.132+Safari/537.36 http://localhost:50489/type.html 200 0 0 36
2018-06-12 14:58:01 ::1 GET /images/typeact2.jpg - 50489 - ::1 Mozilla/5.0+(Windows+NT+10.0;+WOW64)+AppleWebKit/537.36+(KHTML,+like+Gecko)+Chrome/63.0.3239.132+Safari/537.36 http://localhost:50489/type.html 200 0 0 23
2018-06-12 14:58:01 ::1 GET /images/typeact5.jpg - 50489 - ::1 Mozilla/5.0+(Windows+NT+10.0;+WOW64)+AppleWebKit/537.36+(KHTML,+like+Gecko)+Chrome/63.0.3239.132+Safari/537.36 http://localhost:50489/type.html 200 0 0 39
2018-06-12 14:58:01 ::1 GET /images/typeact6.jpg - 50489 - ::1 Mozilla/5.0+(Windows+NT+10.0;+WOW64)+AppleWebKit/537.36+(KHTML,+like+Gecko)+Chrome/63.0.3239.132+Safari/537.36 http://localhost:50489/type.html 200 0 0 46
2018-06-12 14:58:01 ::1 GET /images/typeact7.jpg - 50489 - ::1 Mozilla/5.0+(Windows+NT+10.0;+WOW64)+AppleWebKit/537.36+(KHTML,+like+Gecko)+Chrome/63.0.3239.132+Safari/537.36 http://localhost:50489/type.html 200 0 0 25
2018-06-12 14:58:01 ::1 GET /images/typeact10.jpg - 50489 - ::1 Mozilla/5.0+(Windows+NT+10.0;+WOW64)+AppleWebKit/537.36+(KHTML,+like+Gecko)+Chrome/63.0.3239.132+Safari/537.36 http://localhost:50489/type.html 200 0 0 8
2018-06-12 14:58:01 ::1 GET /images/typeact4.jpg - 50489 - ::1 Mozilla/5.0+(Windows+NT+10.0;+WOW64)+AppleWebKit/537.36+(KHTML,+like+Gecko)+Chrome/63.0.3239.132+Safari/537.36 http://localhost:50489/type.html 200 0 0 51
2018-06-12 14:58:01 ::1 GET /images/typeact3.jpg - 50489 - ::1 Mozilla/5.0+(Windows+NT+10.0;+WOW64)+AppleWebKit/537.36+(KHTML,+like+Gecko)+Chrome/63.0.3239.132+Safari/537.36 http://localhost:50489/type.html 200 0 0 52
2018-06-12 14:58:01 ::1 GET /images/zx.jpg - 50489 - ::1 Mozilla/5.0+(Windows+NT+10.0;+WOW64)+AppleWebKit/537.36+(KHTML,+like+Gecko)+Chrome/63.0.3239.132+Safari/537.36 http://localhost:50489/css/layout.css 200 0 0 20
2018-06-12 14:58:01 ::1 GET /images/dj.jpg - 50489 - ::1 Mozilla/5.0+(Windows+NT+10.0;+WOW64)+AppleWebKit/537.36+(KHTML,+like+Gecko)+Chrome/63.0.3239.132+Safari/537.36 http://localhost:50489/css/layout.css 200 0 0 49
2018-06-12 14:58:01 ::1 GET /images/con_bg.jpg - 50489 - ::1 Mozilla/5.0+(Windows+NT+10.0;+WOW64)+AppleWebKit/537.36+(KHTML,+like+Gecko)+Chrome/63.0.3239.132+Safari/537.36 http://localhost:50489/css/layout.css 404 0 2 5
2018-06-12 14:58:01 ::1 GET /images/top-bg.jpg - 50489 - ::1 Mozilla/5.0+(Windows+NT+10.0;+WOW64)+AppleWebKit/537.36+(KHTML,+like+Gecko)+Chrome/63.0.3239.132+Safari/537.36 http://localhost:50489/css/layout.css 200 0 0 27
2018-06-12 14:58:01 ::1 GET /images/menu.jpg - 50489 - ::1 Mozilla/5.0+(Windows+NT+10.0;+WOW64)+AppleWebKit/537.36+(KHTML,+like+Gecko)+Chrome/63.0.3239.132+Safari/537.36 http://localhost:50489/css/layout.css 200 0 0 32
2018-06-12 14:58:01 ::1 GET /images/typeact9.jpg - 50489 - ::1 Mozilla/5.0+(Windows+NT+10.0;+WOW64)+AppleWebKit/537.36+(KHTML,+like+Gecko)+Chrome/63.0.3239.132+Safari/537.36 http://localhost:50489/type.html 200 0 0 52
2018-06-12 14:58:01 ::1 GET /images/typeact8.jpg - 50489 - ::1 Mozilla/5.0+(Windows+NT+10.0;+WOW64)+AppleWebKit/537.36+(KHTML,+like+Gecko)+Chrome/63.0.3239.132+Safari/537.36 http://localhost:50489/type.html 200 0 0 52
2018-06-12 14:58:01 ::1 GET /images/logo.jpg - 50489 - ::1 Mozilla/5.0+(Windows+NT+10.0;+WOW64)+AppleWebKit/537.36+(KHTML,+like+Gecko)+Chrome/63.0.3239.132+Safari/537.36 http://localhost:50489/css/layout.css 200 0 0 78
2018-06-12 14:58:01 ::1 GET /images/phone.jpg - 50489 - ::1 Mozilla/5.0+(Windows+NT+10.0;+WOW64)+AppleWebKit/537.36+(KHTML,+like+Gecko)+Chrome/63.0.3239.132+Safari/537.36 http://localhost:50489/css/layout.css 200 0 0 17
2018-06-12 14:58:01 ::1 GET /images/jrtg2.png - 50489 - ::1 Mozilla/5.0+(Windows+NT+10.0;+WOW64)+AppleWebKit/537.36+(KHTML,+like+Gecko)+Chrome/63.0.3239.132+Safari/537.36 http://localhost:50489/type.html 200 0 0 3
2018-06-12 14:58:01 ::1 GET /images/jrtg1.png - 50489 - ::1 Mozilla/5.0+(Windows+NT+10.0;+WOW64)+AppleWebKit/537.36+(KHTML,+like+Gecko)+Chrome/63.0.3239.132+Safari/537.36 http://localhost:50489/type.html 200 0 0 21
2018-06-12 14:58:01 ::1 GET /images/jrtg.jpg - 50489 - ::1 Mozilla/5.0+(Windows+NT+10.0;+WOW64)+AppleWebKit/537.36+(KHTML,+like+Gecko)+Chrome/63.0.3239.132+Safari/537.36 http://localhost:50489/type.html 200 0 0 25
2018-06-12 14:58:01 ::1 GET /images/qg.jpg - 50489 - ::1 Mozilla/5.0+(Windows+NT+10.0;+WOW64)+AppleWebKit/537.36+(KHTML,+like+Gecko)+Chrome/63.0.3239.132+Safari/537.36 http://localhost:50489/type.html 200 0 0 32
2018-06-12 14:58:01 ::1 GET /images/tj1.jpg - 50489 - ::1 Mozilla/5.0+(Windows+NT+10.0;+WOW64)+AppleWebKit/537.36+(KHTML,+like+Gecko)+Chrome/63.0.3239.132+Safari/537.36 http://localhost:50489/type.html 200 0 0 18
2018-06-12 14:58:01 ::1 GET /images/tj3.jpg - 50489 - ::1 Mozilla/5.0+(Windows+NT+10.0;+WOW64)+AppleWebKit/537.36+(KHTML,+like+Gecko)+Chrome/63.0.3239.132+Safari/537.36 http://localhost:50489/type.html 200 0 0 27
2018-06-12 14:58:01 ::1 GET /images/tj2.png - 50489 - ::1 Mozilla/5.0+(Windows+NT+10.0;+WOW64)+AppleWebKit/537.36+(KHTML,+like+Gecko)+Chrome/63.0.3239.132+Safari/537.36 http://localhost:50489/type.html 200 0 0 122
2018-06-12 14:58:01 ::1 GET /images/tj4.png - 50489 - ::1 Mozilla/5.0+(Windows+NT+10.0;+WOW64)+AppleWebKit/537.36+(KHTML,+like+Gecko)+Chrome/63.0.3239.132+Safari/537.36 http://localhost:50489/type.html 200 0 0 20
2018-06-12 14:58:01 ::1 GET /images/tj5.png - 50489 - ::1 Mozilla/5.0+(Windows+NT+10.0;+WOW64)+AppleWebKit/537.36+(KHTML,+like+Gecko)+Chrome/63.0.3239.132+Safari/537.36 http://localhost:50489/type.html 200 0 0 29
2018-06-12 14:58:01 ::1 GET /images/tj7.png - 50489 - ::1 Mozilla/5.0+(Windows+NT+10.0;+WOW64)+AppleWebKit/537.36+(KHTML,+like+Gecko)+Chrome/63.0.3239.132+Safari/537.36 http://localhost:50489/type.html 200 0 0 34
2018-06-12 14:58:01 ::1 GET /images/tj8.jpg - 50489 - ::1 Mozilla/5.0+(Windows+NT+10.0;+WOW64)+AppleWebKit/537.36+(KHTML,+like+Gecko)+Chrome/63.0.3239.132+Safari/537.36 http://localhost:50489/type.html 200 0 0 29
2018-06-12 14:58:01 ::1 GET /images/tj6.png - 50489 - ::1 Mozilla/5.0+(Windows+NT+10.0;+WOW64)+AppleWebKit/537.36+(KHTML,+like+Gecko)+Chrome/63.0.3239.132+Safari/537.36 http://localhost:50489/type.html 200 0 0 101
2018-06-12 14:58:01 ::1 GET /images/sdf.jpg - 50489 - ::1 Mozilla/5.0+(Windows+NT+10.0;+WOW64)+AppleWebKit/537.36+(KHTML,+like+Gecko)+Chrome/63.0.3239.132+Safari/537.36 http://localhost:50489/css/layout.css 200 0 0 33
2018-06-12 14:58:01 ::1 GET /images/tjjd.jpg - 50489 - ::1 Mozilla/5.0+(Windows+NT+10.0;+WOW64)+AppleWebKit/537.36+(KHTML,+like+Gecko)+Chrome/63.0.3239.132+Safari/537.36 http://localhost:50489/css/layout.css 200 0 0 47
2018-06-12 14:58:01 ::1 GET /favicon.ico - 50489 - ::1 Mozilla/5.0+(Windows+NT+10.0;+WOW64)+AppleWebKit/537.36+(KHTML,+like+Gecko)+Chrome/63.0.3239.132+Safari/537.36 http://localhost:50489/type.html 404 0 2 0
2018-06-12 14:58:02 ::1 GET /images/bg.jpg - 50489 - ::1 Mozilla/5.0+(Windows+NT+10.0;+WOW64)+AppleWebKit/537.36+(KHTML,+like+Gecko)+Chrome/63.0.3239.132+Safari/537.36 http://localhost:50489/css/layout.css 200 0 0 38
2018-06-12 14:58:10 ::1 GET /index.html - 50489 - ::1 Mozilla/5.0+(Windows+NT+10.0;+WOW64)+AppleWebKit/537.36+(KHTML,+like+Gecko)+Chrome/63.0.3239.132+Safari/537.36 http://localhost:50489/type.html 200 0 0 6
2018-06-12 14:58:10 ::1 GET /js/index.js - 50489 - ::1 Mozilla/5.0+(Windows+NT+10.0;+WOW64)+AppleWebKit/537.36+(KHTML,+like+Gecko)+Chrome/63.0.3239.132+Safari/537.36 http://localhost:50489/index.html 200 0 0 11
2018-06-12 14:58:10 ::1 GET /images/tg.jpg - 50489 - ::1 Mozilla/5.0+(Windows+NT+10.0;+WOW64)+AppleWebKit/537.36+(KHTML,+like+Gecko)+Chrome/63.0.3239.132+Safari/537.36 http://localhost:50489/index.html 200 0 0 15
2018-06-12 14:58:10 ::1 GET /images/tg2.jpg - 50489 - ::1 Mozilla/5.0+(Windows+NT+10.0;+WOW64)+AppleWebKit/537.36+(KHTML,+like+Gecko)+Chrome/63.0.3239.132+Safari/537.36 http://localhost:50489/index.html 200 0 0 22
2018-06-12 14:58:10 ::1 GET /images/tg3.jpg - 50489 - ::1 Mozilla/5.0+(Windows+NT+10.0;+WOW64)+AppleWebKit/537.36+(KHTML,+like+Gecko)+Chrome/63.0.3239.132+Safari/537.36 http://localhost:50489/index.html 200 0 0 26
2018-06-12 14:58:10 ::1 GET /images/tg4.jpg - 50489 - ::1 Mozilla/5.0+(Windows+NT+10.0;+WOW64)+AppleWebKit/537.36+(KHTML,+like+Gecko)+Chrome/63.0.3239.132+Safari/537.36 http://localhost:50489/index.html 200 0 0 36
2018-06-12 14:58:10 ::1 GET /images/scroll1.jpg - 50489 - ::1 Mozilla/5.0+(Windows+NT+10.0;+WOW64)+AppleWebKit/537.36+(KHTML,+like+Gecko)+Chrome/63.0.3239.132+Safari/537.36 http://localhost:50489/index.html 200 0 0 43
2018-06-12 14:58:10 ::1 GET /images/dl.jpg - 50489 - ::1 Mozilla/5.0+(Windows+NT+10.0;+WOW64)+AppleWebKit/537.36+(KHTML,+like+Gecko)+Chrome/63.0.3239.132+Safari/537.36 http://localhost:50489/index.html 200 0 0 45
2018-06-12 14:58:10 ::1 GET /images/zc.jpg - 50489 - ::1 Mozilla/5.0+(Windows+NT+10.0;+WOW64)+AppleWebKit/537.36+(KHTML,+like+Gecko)+Chrome/63.0.3239.132+Safari/537.36 http://localhost:50489/index.html 200 0 0 51
2018-06-12 14:58:10 ::1 GET /images/scroll2.jpg - 50489 - ::1 Mozilla/5.0+(Windows+NT+10.0;+WOW64)+AppleWebKit/537.36+(KHTML,+like+Gecko)+Chrome/63.0.3239.132+Safari/537.36 http://localhost:50489/index.html 200 0 0 33
2018-06-12 14:58:10 ::1 GET /images/con_bg.jpg - 50489 - ::1 Mozilla/5.0+(Windows+NT+10.0;+WOW64)+AppleWebKit/537.36+(KHTML,+like+Gecko)+Chrome/63.0.3239.132+Safari/537.36 http://localhost:50489/css/layout.css 404 0 2 1
2018-06-12 14:58:10 ::1 GET /images/jw.jpg - 50489 - ::1 Mozilla/5.0+(Windows+NT+10.0;+WOW64)+AppleWebKit/537.36+(KHTML,+like+Gecko)+Chrome/63.0.3239.132+Safari/537.36 http://localhost:50489/css/layout.css 200 0 0 57
2018-06-12 14:58:10 ::1 GET /images/scroll5.jpg - 50489 - ::1 Mozilla/5.0+(Windows+NT+10.0;+WOW64)+AppleWebKit/537.36+(KHTML,+like+Gecko)+Chrome/63.0.3239.132+Safari/537.36 http://localhost:50489/index.html 200 0 0 57
2018-06-12 14:58:10 ::1 GET /images/hd.jpg - 50489 - ::1 Mozilla/5.0+(Windows+NT+10.0;+WOW64)+AppleWebKit/537.36+(KHTML,+like+Gecko)+Chrome/63.0.3239.132+Safari/537.36 http://localhost:50489/css/layout.css 200 0 0 59
2018-06-12 14:58:10 ::1 GET /images/conl.jpg - 50489 - ::1 Mozilla/5.0+(Windows+NT+10.0;+WOW64)+AppleWebKit/537.36+(KHTML,+like+Gecko)+Chrome/63.0.3239.132+Safari/537.36 http://localhost:50489/css/layout.css 200 0 0 81
2018-06-12 14:58:10 ::1 GET /images/yr.jpg - 50489 - ::1 Mozilla/5.0+(Windows+NT+10.0;+WOW64)+AppleWebKit/537.36+(KHTML,+like+Gecko)+Chrome/63.0.3239.132+Safari/537.36 http://localhost:50489/css/layout.css 200 0 0 83
2018-06-12 14:58:10 ::1 GET /images/scroll6.jpg - 50489 - ::1 Mozilla/5.0+(Windows+NT+10.0;+WOW64)+AppleWebKit/537.36+(KHTML,+like+Gecko)+Chrome/63.0.3239.132+Safari/537.36 http://localhost:50489/index.html 200 0 0 25
2018-06-12 14:58:10 ::1 GET /images/jn.jpg - 50489 - ::1 Mozilla/5.0+(Windows+NT+10.0;+WOW64)+AppleWebKit/537.36+(KHTML,+like+Gecko)+Chrome/63.0.3239.132+Safari/537.36 http://localhost:50489/css/layout.css 200 0 0 34
2018-06-12 14:58:10 ::1 GET /images/con2-r.jpg - 50489 - ::1 Mozilla/5.0+(Windows+NT+10.0;+WOW64)+AppleWebKit/537.36+(KHTML,+like+Gecko)+Chrome/63.0.3239.132+Safari/537.36 http://localhost:50489/css/layout.css 200 0 0 35
2018-06-12 14:58:10 ::1 GET /images/tgj.jpg - 50489 - ::1 Mozilla/5.0+(Windows+NT+10.0;+WOW64)+AppleWebKit/537.36+(KHTML,+like+Gecko)+Chrome/63.0.3239.132+Safari/537.36 http://localhost:50489/css/layout.css 200 0 0 39
2018-06-12 14:58:10 ::1 GET /images/scroll3.jpg - 50489 - ::1 Mozilla/5.0+(Windows+NT+10.0;+WOW64)+AppleWebKit/537.36+(KHTML,+like+Gecko)+Chrome/63.0.3239.132+Safari/537.36 http://localhost:50489/index.html 200 0 0 15
2018-06-12 14:58:10 ::1 GET /images/cls.jpg - 50489 - ::1 Mozilla/5.0+(Windows+NT+10.0;+WOW64)+AppleWebKit/537.36+(KHTML,+like+Gecko)+Chrome/63.0.3239.132+Safari/537.36 http://localhost:50489/css/layout.css 200 0 0 23
2018-06-12 14:58:10 ::1 GET /images/scroll4.jpg - 50489 - ::1 Mozilla/5.0+(Windows+NT+10.0;+WOW64)+AppleWebKit/537.36+(KHTML,+like+Gecko)+Chrome/63.0.3239.132+Safari/537.36 http://localhost:50489/index.html 200 0 0 30
2018-06-12 14:58:10 ::1 GET /images/zj.jpg - 50489 - ::1 Mozilla/5.0+(Windows+NT+10.0;+WOW64)+AppleWebKit/537.36+(KHTML,+like+Gecko)+Chrome/63.0.3239.132+Safari/537.36 http://localhost:50489/css/layout.css 200 0 0 48
2018-06-12 14:58:10 ::1 GET /images/scroll8.jpg - 50489 - ::1 Mozilla/5.0+(Windows+NT+10.0;+WOW64)+AppleWebKit/537.36+(KHTML,+like+Gecko)+Chrome/63.0.3239.132+Safari/537.36 http://localhost:50489/index.html 200 0 0 17
2018-06-12 14:58:10 ::1 GET /images/scroll7.jpg - 50489 - ::1 Mozilla/5.0+(Windows+NT+10.0;+WOW64)+AppleWebKit/537.36+(KHTML,+like+Gecko)+Chrome/63.0.3239.132+Safari/537.36 http://localhost:50489/index.html 200 0 0 25
2018-06-12 14:58:10 ::1 GET /images/bb1.jpg - 50489 - ::1 Mozilla/5.0+(Windows+NT+10.0;+WOW64)+AppleWebKit/537.36+(KHTML,+like+Gecko)+Chrome/63.0.3239.132+Safari/537.36 http://localhost:50489/index.html 200 0 0 21
2018-06-12 14:58:10 ::1 GET /images/bb2.jpg - 50489 - ::1 Mozilla/5.0+(Windows+NT+10.0;+WOW64)+AppleWebKit/537.36+(KHTML,+like+Gecko)+Chrome/63.0.3239.132+Safari/537.36 http://localhost:50489/index.html 200 0 0 25
2018-06-12 14:58:10 ::1 GET /images/bb3.jpg - 50489 - ::1 Mozilla/5.0+(Windows+NT+10.0;+WOW64)+AppleWebKit/537.36+(KHTML,+like+Gecko)+Chrome/63.0.3239.132+Safari/537.36 http://localhost:50489/index.html 200 0 0 27
2018-06-12 14:58:10 ::1 GET /images/cp1.jpg - 50489 - ::1 Mozilla/5.0+(Windows+NT+10.0;+WOW64)+AppleWebKit/537.36+(KHTML,+like+Gecko)+Chrome/63.0.3239.132+Safari/537.36 http://localhost:50489/index.html 200 0 0 31
2018-06-12 14:58:10 ::1 GET /images/cp2.jpg - 50489 - ::1 Mozilla/5.0+(Windows+NT+10.0;+WOW64)+AppleWebKit/537.36+(KHTML,+like+Gecko)+Chrome/63.0.3239.132+Safari/537.36 http://localhost:50489/index.html 200 0 0 22
2018-06-12 14:58:10 ::1 GET /images/cp4.jpg - 50489 - ::1 Mozilla/5.0+(Windows+NT+10.0;+WOW64)+AppleWebKit/537.36+(KHTML,+like+Gecko)+Chrome/63.0.3239.132+Safari/537.36 http://localhost:50489/index.html 200 0 0 25
2018-06-12 14:58:10 ::1 GET /images/sr.jpg - 50489 - ::1 Mozilla/5.0+(Windows+NT+10.0;+WOW64)+AppleWebKit/537.36+(KHTML,+like+Gecko)+Chrome/63.0.3239.132+Safari/537.36 http://localhost:50489/css/layout.css 200 0 0 30
2018-06-12 14:58:10 ::1 GET /images/cp6.jpg - 50489 - ::1 Mozilla/5.0+(Windows+NT+10.0;+WOW64)+AppleWebKit/537.36+(KHTML,+like+Gecko)+Chrome/63.0.3239.132+Safari/537.36 http://localhost:50489/index.html 200 0 0 31
2018-06-12 14:58:10 ::1 GET /images/cp5.jpg - 50489 - ::1 Mozilla/5.0+(Windows+NT+10.0;+WOW64)+AppleWebKit/537.36+(KHTML,+like+Gecko)+Chrome/63.0.3239.132+Safari/537.36 http://localhost:50489/index.html 200 0 0 33
2018-06-12 14:58:10 ::1 GET /images/cp3.jpg - 50489 - ::1 Mozilla/5.0+(Windows+NT+10.0;+WOW64)+AppleWebKit/537.36+(KHTML,+like+Gecko)+Chrome/63.0.3239.132+Safari/537.36 http://localhost:50489/index.html 200 0 0 41
2018-06-12 14:58:10 ::1 GET /images/lr.jpg - 50489 - ::1 Mozilla/5.0+(Windows+NT+10.0;+WOW64)+AppleWebKit/537.36+(KHTML,+like+Gecko)+Chrome/63.0.3239.132+Safari/537.36 http://localhost:50489/css/layout.css 200 0 0 42
2018-06-12 14:58:10 ::1 GET /images/con_bg.jpg - 50489 - ::1 Mozilla/5.0+(Windows+NT+10.0;+WOW64)+AppleWebKit/537.36+(KHTML,+like+Gecko)+Chrome/63.0.3239.132+Safari/537.36 http://localhost:50489/css/layout.css 404 0 2 6
2018-06-12 14:58:13 ::1 GET /images/con_bg.jpg - 50489 - ::1 Mozilla/5.0+(Windows+NT+10.0;+WOW64)+AppleWebKit/537.36+(KHTML,+like+Gecko)+Chrome/63.0.3239.132+Safari/537.36 http://localhost:50489/css/layout.css 404 0 2 4
2018-06-12 14:58:33 ::1 GET /cart.html - 50489 - ::1 Mozilla/5.0+(Windows+NT+10.0;+WOW64)+AppleWebKit/537.36+(KHTML,+like+Gecko)+Chrome/63.0.3239.132+Safari/537.36 http://localhost:50489/type.html 200 0 0 12
2018-06-12 14:58:33 ::1 GET /css/nf.lightbox.css - 50489 - ::1 Mozilla/5.0+(Windows+NT+10.0;+WOW64)+AppleWebKit/537.36+(KHTML,+like+Gecko)+Chrome/63.0.3239.132+Safari/537.36 http://localhost:50489/cart.html 200 0 0 12
2018-06-12 14:58:33 ::1 GET /js/jquery-1.3.2.min.js - 50489 - ::1 Mozilla/5.0+(Windows+NT+10.0;+WOW64)+AppleWebKit/537.36+(KHTML,+like+Gecko)+Chrome/63.0.3239.132+Safari/537.36 http://localhost:50489/cart.html 200 0 0 20
2018-06-12 14:58:33 ::1 GET /js/NFLightBox.js - 50489 - ::1 Mozilla/5.0+(Windows+NT+10.0;+WOW64)+AppleWebKit/537.36+(KHTML,+like+Gecko)+Chrome/63.0.3239.132+Safari/537.36 http://localhost:50489/cart.html 200 0 0 24
2018-06-12 14:58:33 ::1 GET /js/cart.js - 50489 - ::1 Mozilla/5.0+(Windows+NT+10.0;+WOW64)+AppleWebKit/537.36+(KHTML,+like+Gecko)+Chrome/63.0.3239.132+Safari/537.36 http://localhost:50489/cart.html 200 0 0 31
2018-06-12 14:58:33 ::1 GET /images/sh.jpg - 50489 - ::1 Mozilla/5.0+(Windows+NT+10.0;+WOW64)+AppleWebKit/537.36+(KHTML,+like+Gecko)+Chrome/63.0.3239.132+Safari/537.36 http://localhost:50489/cart.html 200 0 0 6
2018-06-12 14:58:33 ::1 GET /images/fhgc.jpg - 50489 - ::1 Mozilla/5.0+(Windows+NT+10.0;+WOW64)+AppleWebKit/537.36+(KHTML,+like+Gecko)+Chrome/63.0.3239.132+Safari/537.36 http://localhost:50489/cart.html 200 0 0 20
2018-06-12 14:58:33 ::1 GET /images/pic1.jpg - 50489 - ::1 Mozilla/5.0+(Windows+NT+10.0;+WOW64)+AppleWebKit/537.36+(KHTML,+like+Gecko)+Chrome/63.0.3239.132+Safari/537.36 http://localhost:50489/cart.html 200 0 0 25
2018-06-12 14:58:33 ::1 GET /images/pic3.jpg - 50489 - ::1 Mozilla/5.0+(Windows+NT+10.0;+WOW64)+AppleWebKit/537.36+(KHTML,+like+Gecko)+Chrome/63.0.3239.132+Safari/537.36 http://localhost:50489/cart.html 200 0 0 34
2018-06-12 14:58:33 ::1 GET /images/con_bg.jpg - 50489 - ::1 Mozilla/5.0+(Windows+NT+10.0;+WOW64)+AppleWebKit/537.36+(KHTML,+like+Gecko)+Chrome/63.0.3239.132+Safari/537.36 http://localhost:50489/css/layout.css 404 0 2 26
2018-06-12 14:58:33 ::1 GET /images/del.png - 50489 - ::1 Mozilla/5.0+(Windows+NT+10.0;+WOW64)+AppleWebKit/537.36+(KHTML,+like+Gecko)+Chrome/63.0.3239.132+Safari/537.36 http://localhost:50489/cart.html 200 0 0 43
2018-06-12 14:58:33 ::1 GET /images/js.jpg - 50489 - ::1 Mozilla/5.0+(Windows+NT+10.0;+WOW64)+AppleWebKit/537.36+(KHTML,+like+Gecko)+Chrome/63.0.3239.132+Safari/537.36 http://localhost:50489/cart.html 200 0 0 58
2018-06-12 14:58:33 ::1 GET /images/dialog.png - 50489 - ::1 Mozilla/5.0+(Windows+NT+10.0;+WOW64)+AppleWebKit/537.36+(KHTML,+like+Gecko)+Chrome/63.0.3239.132+Safari/537.36 http://localhost:50489/cart.html 200 0 0 35
2018-06-12 14:58:33 ::1 GET /images/shopt.jpg - 50489 - ::1 Mozilla/5.0+(Windows+NT+10.0;+WOW64)+AppleWebKit/537.36+(KHTML,+like+Gecko)+Chrome/63.0.3239.132+Safari/537.36 http://localhost:50489/css/layout.css 200 0 0 61
2018-06-12 14:58:33 ::1 GET /images/pic2.png - 50489 - ::1 Mozilla/5.0+(Windows+NT+10.0;+WOW64)+AppleWebKit/537.36+(KHTML,+like+Gecko)+Chrome/63.0.3239.132+Safari/537.36 http://localhost:50489/cart.html 200 0 0 97
