#Software: Microsoft Internet Information Services 10.0
#Version: 1.0
#Date: 2018-07-28 02:13:55
#Fields: date time s-ip cs-method cs-uri-stem cs-uri-query s-port cs-username c-ip cs(User-Agent) cs(Referer) sc-status sc-substatus sc-win32-status time-taken
2018-07-28 02:13:55 ::1 GET /Login/Index - 64290 - ::1 Mozilla/5.0+(Windows+NT+10.0;+WOW64)+AppleWebKit/537.36+(KHTML,+like+Gecko)+Chrome/63.0.3239.132+Safari/537.36 - 200 0 0 6332
2018-07-28 02:13:55 ::1 GET /static/js/jquery.min.js - 64290 - ::1 Mozilla/5.0+(Windows+NT+10.0;+WOW64)+AppleWebKit/537.36+(KHTML,+like+Gecko)+Chrome/63.0.3239.132+Safari/537.36 http://localhost:64290/Login/Index 200 0 0 20
2018-07-28 02:13:55 ::1 GET /static/css/admin.css v=1 64290 - ::1 Mozilla/5.0+(Windows+NT+10.0;+WOW64)+AppleWebKit/537.36+(KHTML,+like+Gecko)+Chrome/63.0.3239.132+Safari/537.36 http://localhost:64290/Login/Index 200 0 0 1
2018-07-28 02:13:55 ::1 GET /static/css/docs.css v=1 64290 - ::1 Mozilla/5.0+(Windows+NT+10.0;+WOW64)+AppleWebKit/537.36+(KHTML,+like+Gecko)+Chrome/63.0.3239.132+Safari/537.36 http://localhost:64290/Login/Index 200 0 0 34
2018-07-28 02:13:55 ::1 GET /static/js/admin.js - 64290 - ::1 Mozilla/5.0+(Windows+NT+10.0;+WOW64)+AppleWebKit/537.36+(KHTML,+like+Gecko)+Chrome/63.0.3239.132+Safari/537.36 http://localhost:64290/Login/Index 200 0 0 35
2018-07-28 02:13:55 ::1 GET /static/js/docs.js - 64290 - ::1 Mozilla/5.0+(Windows+NT+10.0;+WOW64)+AppleWebKit/537.36+(KHTML,+like+Gecko)+Chrome/63.0.3239.132+Safari/537.36 http://localhost:64290/Login/Index 200 0 0 37
2018-07-28 02:13:55 ::1 GET /static/css/semantic.min.css - 64290 - ::1 Mozilla/5.0+(Windows+NT+10.0;+WOW64)+AppleWebKit/537.36+(KHTML,+like+Gecko)+Chrome/63.0.3239.132+Safari/537.36 http://localhost:64290/Login/Index 200 0 0 49
2018-07-28 02:13:55 ::1 GET /static/js/semantic.min.js - 64290 - ::1 Mozilla/5.0+(Windows+NT+10.0;+WOW64)+AppleWebKit/537.36+(KHTML,+like+Gecko)+Chrome/63.0.3239.132+Safari/537.36 http://localhost:64290/Login/Index 200 0 0 79
2018-07-28 02:13:55 ::1 GET /static/images/wp.png - 64290 - ::1 Mozilla/5.0+(Windows+NT+10.0;+WOW64)+AppleWebKit/537.36+(KHTML,+like+Gecko)+Chrome/63.0.3239.132+Safari/537.36 http://localhost:64290/Login/Index 200 0 0 28
2018-07-28 02:13:55 ::1 GET /login/code - 64290 - ::1 Mozilla/5.0+(Windows+NT+10.0;+WOW64)+AppleWebKit/537.36+(KHTML,+like+Gecko)+Chrome/63.0.3239.132+Safari/537.36 http://localhost:64290/Login/Index 200 0 0 49
2018-07-28 02:13:55 ::1 GET /login/code update=63741 64290 - ::1 Mozilla/5.0+(Windows+NT+10.0;+WOW64)+AppleWebKit/537.36+(KHTML,+like+Gecko)+Chrome/63.0.3239.132+Safari/537.36 http://localhost:64290/Login/Index 200 0 0 11
2018-07-28 02:13:55 ::1 GET /static/fonts/Lato-Bold.woff2 - 64290 - ::1 Mozilla/5.0+(Windows+NT+10.0;+WOW64)+AppleWebKit/537.36+(KHTML,+like+Gecko)+Chrome/63.0.3239.132+Safari/537.36 http://localhost:64290/static/css/docs.css?v=1 200 0 0 5
2018-07-28 02:13:55 ::1 GET /static/fonts/Lato-Regular.woff2 - 64290 - ::1 Mozilla/5.0+(Windows+NT+10.0;+WOW64)+AppleWebKit/537.36+(KHTML,+like+Gecko)+Chrome/63.0.3239.132+Safari/537.36 http://localhost:64290/static/css/docs.css?v=1 200 0 0 30
2018-07-28 02:13:56 ::1 GET /favicon.ico - 64290 - ::1 Mozilla/5.0+(Windows+NT+10.0;+WOW64)+AppleWebKit/537.36+(KHTML,+like+Gecko)+Chrome/63.0.3239.132+Safari/537.36 http://localhost:64290/Login/Index 404 0 0 31
2018-07-28 02:14:41 ::1 GET /Login/Index - 64290 - ::1 Mozilla/5.0+(Windows+NT+10.0;+WOW64)+AppleWebKit/537.36+(KHTML,+like+Gecko)+Chrome/63.0.3239.132+Safari/537.36 - 200 0 0 265
2018-07-28 02:14:41 ::1 GET /login/code - 64290 - ::1 Mozilla/5.0+(Windows+NT+10.0;+WOW64)+AppleWebKit/537.36+(KHTML,+like+Gecko)+Chrome/63.0.3239.132+Safari/537.36 http://localhost:64290/Login/Index 200 0 0 7
2018-07-28 02:14:41 ::1 GET /login/code update=10260 64290 - ::1 Mozilla/5.0+(Windows+NT+10.0;+WOW64)+AppleWebKit/537.36+(KHTML,+like+Gecko)+Chrome/63.0.3239.132+Safari/537.36 http://localhost:64290/Login/Index 200 0 0 4
2018-07-28 02:14:54 ::1 GET /Login/Index - 64290 - ::1 Mozilla/5.0+(Windows+NT+10.0;+WOW64)+AppleWebKit/537.36+(KHTML,+like+Gecko)+Chrome/63.0.3239.132+Safari/537.36 - 200 0 0 266
2018-07-28 02:14:54 ::1 GET /login/code - 64290 - ::1 Mozilla/5.0+(Windows+NT+10.0;+WOW64)+AppleWebKit/537.36+(KHTML,+like+Gecko)+Chrome/63.0.3239.132+Safari/537.36 http://localhost:64290/Login/Index 200 0 0 5
2018-07-28 02:14:54 ::1 GET /login/code update=38638 64290 - ::1 Mozilla/5.0+(Windows+NT+10.0;+WOW64)+AppleWebKit/537.36+(KHTML,+like+Gecko)+Chrome/63.0.3239.132+Safari/537.36 http://localhost:64290/Login/Index 200 0 0 7
2018-07-28 02:14:54 ::1 GET /Login/Index - 64290 - ::1 Mozilla/5.0+(Windows+NT+10.0;+WOW64)+AppleWebKit/537.36+(KHTML,+like+Gecko)+Chrome/63.0.3239.132+Safari/537.36 - 200 0 0 7
2018-07-28 02:14:54 ::1 GET /login/code - 64290 - ::1 Mozilla/5.0+(Windows+NT+10.0;+WOW64)+AppleWebKit/537.36+(KHTML,+like+Gecko)+Chrome/63.0.3239.132+Safari/537.36 http://localhost:64290/Login/Index 200 0 0 10
2018-07-28 02:14:54 ::1 GET /login/code update=70622 64290 - ::1 Mozilla/5.0+(Windows+NT+10.0;+WOW64)+AppleWebKit/537.36+(KHTML,+like+Gecko)+Chrome/63.0.3239.132+Safari/537.36 http://localhost:64290/Login/Index 200 0 0 5
2018-07-28 02:14:56 ::1 GET /Login/Index - 64290 - ::1 Mozilla/5.0+(Windows+NT+10.0;+WOW64)+AppleWebKit/537.36+(KHTML,+like+Gecko)+Chrome/63.0.3239.132+Safari/537.36 - 200 0 0 5
2018-07-28 02:14:56 ::1 GET /login/code - 64290 - ::1 Mozilla/5.0+(Windows+NT+10.0;+WOW64)+AppleWebKit/537.36+(KHTML,+like+Gecko)+Chrome/63.0.3239.132+Safari/537.36 http://localhost:64290/Login/Index 200 0 0 13
2018-07-28 02:14:56 ::1 GET /login/code update=2802. 64290 - ::1 Mozilla/5.0+(Windows+NT+10.0;+WOW64)+AppleWebKit/537.36+(KHTML,+like+Gecko)+Chrome/63.0.3239.132+Safari/537.36 http://localhost:64290/Login/Index 200 0 0 4
2018-07-28 02:14:56 ::1 GET /Login/Index - 64290 - ::1 Mozilla/5.0+(Windows+NT+10.0;+WOW64)+AppleWebKit/537.36+(KHTML,+like+Gecko)+Chrome/63.0.3239.132+Safari/537.36 - 200 0 0 1
2018-07-28 02:14:56 ::1 GET /login/code - 64290 - ::1 Mozilla/5.0+(Windows+NT+10.0;+WOW64)+AppleWebKit/537.36+(KHTML,+like+Gecko)+Chrome/63.0.3239.132+Safari/537.36 http://localhost:64290/Login/Index 200 0 0 5
2018-07-28 02:14:56 ::1 GET /login/code update=67092 64290 - ::1 Mozilla/5.0+(Windows+NT+10.0;+WOW64)+AppleWebKit/537.36+(KHTML,+like+Gecko)+Chrome/63.0.3239.132+Safari/537.36 http://localhost:64290/Login/Index 200 0 0 3
2018-07-28 02:15:03 ::1 GET /Login/Index - 64290 - ::1 Mozilla/5.0+(Windows+NT+10.0;+WOW64)+AppleWebKit/537.36+(KHTML,+like+Gecko)+Chrome/63.0.3239.132+Safari/537.36 - 200 0 0 277
2018-07-28 02:15:03 ::1 GET /login/code - 64290 - ::1 Mozilla/5.0+(Windows+NT+10.0;+WOW64)+AppleWebKit/537.36+(KHTML,+like+Gecko)+Chrome/63.0.3239.132+Safari/537.36 http://localhost:64290/Login/Index 200 0 0 5
2018-07-28 02:15:03 ::1 GET /login/code update=76876 64290 - ::1 Mozilla/5.0+(Windows+NT+10.0;+WOW64)+AppleWebKit/537.36+(KHTML,+like+Gecko)+Chrome/63.0.3239.132+Safari/537.36 http://localhost:64290/Login/Index 200 0 0 3
2018-07-28 02:15:03 ::1 GET /Login/Index - 64290 - ::1 Mozilla/5.0+(Windows+NT+10.0;+WOW64)+AppleWebKit/537.36+(KHTML,+like+Gecko)+Chrome/63.0.3239.132+Safari/537.36 - 200 0 0 1
2018-07-28 02:15:03 ::1 GET /login/code - 64290 - ::1 Mozilla/5.0+(Windows+NT+10.0;+WOW64)+AppleWebKit/537.36+(KHTML,+like+Gecko)+Chrome/63.0.3239.132+Safari/537.36 http://localhost:64290/Login/Index 200 0 0 12
2018-07-28 02:15:03 ::1 GET /login/code update=65495 64290 - ::1 Mozilla/5.0+(Windows+NT+10.0;+WOW64)+AppleWebKit/537.36+(KHTML,+like+Gecko)+Chrome/63.0.3239.132+Safari/537.36 http://localhost:64290/Login/Index 200 0 0 3
2018-07-28 02:15:03 ::1 GET /Login/Index - 64290 - ::1 Mozilla/5.0+(Windows+NT+10.0;+WOW64)+AppleWebKit/537.36+(KHTML,+like+Gecko)+Chrome/63.0.3239.132+Safari/537.36 - 200 0 0 1
2018-07-28 02:15:03 ::1 GET /login/code - 64290 - ::1 Mozilla/5.0+(Windows+NT+10.0;+WOW64)+AppleWebKit/537.36+(KHTML,+like+Gecko)+Chrome/63.0.3239.132+Safari/537.36 http://localhost:64290/Login/Index 200 0 0 7
2018-07-28 02:15:03 ::1 GET /login/code update=11097 64290 - ::1 Mozilla/5.0+(Windows+NT+10.0;+WOW64)+AppleWebKit/537.36+(KHTML,+like+Gecko)+Chrome/63.0.3239.132+Safari/537.36 http://localhost:64290/Login/Index 200 0 0 3
2018-07-28 02:15:28 ::1 GET /Login/Index - 64290 - ::1 Mozilla/5.0+(Windows+NT+10.0;+WOW64)+AppleWebKit/537.36+(KHTML,+like+Gecko)+Chrome/63.0.3239.132+Safari/537.36 - 200 0 0 254
2018-07-28 02:15:28 ::1 GET /login/code - 64290 - ::1 Mozilla/5.0+(Windows+NT+10.0;+WOW64)+AppleWebKit/537.36+(KHTML,+like+Gecko)+Chrome/63.0.3239.132+Safari/537.36 http://localhost:64290/Login/Index 200 0 0 4
2018-07-28 02:15:28 ::1 GET /login/code update=98896 64290 - ::1 Mozilla/5.0+(Windows+NT+10.0;+WOW64)+AppleWebKit/537.36+(KHTML,+like+Gecko)+Chrome/63.0.3239.132+Safari/537.36 http://localhost:64290/Login/Index 200 0 0 3
2018-07-28 02:15:28 ::1 GET /Login/Index - 64290 - ::1 Mozilla/5.0+(Windows+NT+10.0;+WOW64)+AppleWebKit/537.36+(KHTML,+like+Gecko)+Chrome/63.0.3239.132+Safari/537.36 - 200 0 0 4
2018-07-28 02:15:28 ::1 GET /login/code - 64290 - ::1 Mozilla/5.0+(Windows+NT+10.0;+WOW64)+AppleWebKit/537.36+(KHTML,+like+Gecko)+Chrome/63.0.3239.132+Safari/537.36 http://localhost:64290/Login/Index 200 0 0 12
2018-07-28 02:15:28 ::1 GET /login/code update=69253 64290 - ::1 Mozilla/5.0+(Windows+NT+10.0;+WOW64)+AppleWebKit/537.36+(KHTML,+like+Gecko)+Chrome/63.0.3239.132+Safari/537.36 http://localhost:64290/Login/Index 200 0 0 3
2018-07-28 02:17:13 ::1 GET /Login/Index - 64290 - ::1 Mozilla/5.0+(Windows+NT+10.0;+WOW64)+AppleWebKit/537.36+(KHTML,+like+Gecko)+Chrome/63.0.3239.132+Safari/537.36 - 200 0 0 285
2018-07-28 02:17:13 ::1 GET /login/code - 64290 - ::1 Mozilla/5.0+(Windows+NT+10.0;+WOW64)+AppleWebKit/537.36+(KHTML,+like+Gecko)+Chrome/63.0.3239.132+Safari/537.36 http://localhost:64290/Login/Index 200 0 0 9
2018-07-28 02:17:13 ::1 GET /login/code update=70464 64290 - ::1 Mozilla/5.0+(Windows+NT+10.0;+WOW64)+AppleWebKit/537.36+(KHTML,+like+Gecko)+Chrome/63.0.3239.132+Safari/537.36 http://localhost:64290/Login/Index 200 0 0 3
2018-07-28 02:17:22 ::1 GET /Login/Index - 64290 - ::1 Mozilla/5.0+(Windows+NT+10.0;+WOW64)+AppleWebKit/537.36+(KHTML,+like+Gecko)+Chrome/63.0.3239.132+Safari/537.36 - 200 0 64 364
2018-07-28 02:17:22 ::1 GET /Login/Index - 64290 - ::1 Mozilla/5.0+(Windows+NT+10.0;+WOW64)+AppleWebKit/537.36+(KHTML,+like+Gecko)+Chrome/63.0.3239.132+Safari/537.36 - 200 0 0 72
2018-07-28 02:17:22 ::1 GET /login/code - 64290 - ::1 Mozilla/5.0+(Windows+NT+10.0;+WOW64)+AppleWebKit/537.36+(KHTML,+like+Gecko)+Chrome/63.0.3239.132+Safari/537.36 http://localhost:64290/Login/Index 200 0 0 9
2018-07-28 02:17:22 ::1 GET /login/code update=43668 64290 - ::1 Mozilla/5.0+(Windows+NT+10.0;+WOW64)+AppleWebKit/537.36+(KHTML,+like+Gecko)+Chrome/63.0.3239.132+Safari/537.36 http://localhost:64290/Login/Index 200 0 0 3
2018-07-28 02:17:22 ::1 GET /Login/Index - 64290 - ::1 Mozilla/5.0+(Windows+NT+10.0;+WOW64)+AppleWebKit/537.36+(KHTML,+like+Gecko)+Chrome/63.0.3239.132+Safari/537.36 - 200 0 0 2
2018-07-28 02:17:22 ::1 GET /login/code - 64290 - ::1 Mozilla/5.0+(Windows+NT+10.0;+WOW64)+AppleWebKit/537.36+(KHTML,+like+Gecko)+Chrome/63.0.3239.132+Safari/537.36 http://localhost:64290/Login/Index 200 0 0 7
2018-07-28 02:17:22 ::1 GET /login/code update=11247 64290 - ::1 Mozilla/5.0+(Windows+NT+10.0;+WOW64)+AppleWebKit/537.36+(KHTML,+like+Gecko)+Chrome/63.0.3239.132+Safari/537.36 http://localhost:64290/Login/Index 200 0 0 4
2018-07-28 02:17:29 ::1 GET /Login/Index - 64290 - ::1 Mozilla/5.0+(Windows+NT+10.0;+WOW64)+AppleWebKit/537.36+(KHTML,+like+Gecko)+Chrome/63.0.3239.132+Safari/537.36 - 200 0 0 250
2018-07-28 02:17:29 ::1 GET /login/code - 64290 - ::1 Mozilla/5.0+(Windows+NT+10.0;+WOW64)+AppleWebKit/537.36+(KHTML,+like+Gecko)+Chrome/63.0.3239.132+Safari/537.36 http://localhost:64290/Login/Index 200 0 0 6
2018-07-28 02:17:29 ::1 GET /login/code update=43950 64290 - ::1 Mozilla/5.0+(Windows+NT+10.0;+WOW64)+AppleWebKit/537.36+(KHTML,+like+Gecko)+Chrome/63.0.3239.132+Safari/537.36 http://localhost:64290/Login/Index 200 0 0 3
2018-07-28 02:17:29 ::1 GET /Login/Index - 64290 - ::1 Mozilla/5.0+(Windows+NT+10.0;+WOW64)+AppleWebKit/537.36+(KHTML,+like+Gecko)+Chrome/63.0.3239.132+Safari/537.36 - 200 0 0 3
2018-07-28 02:17:29 ::1 GET /login/code - 64290 - ::1 Mozilla/5.0+(Windows+NT+10.0;+WOW64)+AppleWebKit/537.36+(KHTML,+like+Gecko)+Chrome/63.0.3239.132+Safari/537.36 http://localhost:64290/Login/Index 200 0 0 12
2018-07-28 02:17:29 ::1 GET /login/code update=11275 64290 - ::1 Mozilla/5.0+(Windows+NT+10.0;+WOW64)+AppleWebKit/537.36+(KHTML,+like+Gecko)+Chrome/63.0.3239.132+Safari/537.36 http://localhost:64290/Login/Index 200 0 0 7
2018-07-28 02:18:24 ::1 GET /Login/Index - 64290 - ::1 Mozilla/5.0+(Windows+NT+10.0;+WOW64)+AppleWebKit/537.36+(KHTML,+like+Gecko)+Chrome/63.0.3239.132+Safari/537.36 - 200 0 0 262
2018-07-28 02:18:24 ::1 GET /login/code - 64290 - ::1 Mozilla/5.0+(Windows+NT+10.0;+WOW64)+AppleWebKit/537.36+(KHTML,+like+Gecko)+Chrome/63.0.3239.132+Safari/537.36 http://localhost:64290/Login/Index 200 0 0 4
2018-07-28 02:18:24 ::1 GET /login/code update=49602 64290 - ::1 Mozilla/5.0+(Windows+NT+10.0;+WOW64)+AppleWebKit/537.36+(KHTML,+like+Gecko)+Chrome/63.0.3239.132+Safari/537.36 http://localhost:64290/Login/Index 200 0 0 3
2018-07-28 02:18:50 ::1 GET /Login/Index - 64290 - ::1 Mozilla/5.0+(Windows+NT+10.0;+WOW64)+AppleWebKit/537.36+(KHTML,+like+Gecko)+Chrome/63.0.3239.132+Safari/537.36 - 200 0 0 243
2018-07-28 02:18:50 ::1 GET /login/code - 64290 - ::1 Mozilla/5.0+(Windows+NT+10.0;+WOW64)+AppleWebKit/537.36+(KHTML,+like+Gecko)+Chrome/63.0.3239.132+Safari/537.36 http://localhost:64290/Login/Index 200 0 0 4
2018-07-28 02:18:50 ::1 GET /login/code update=42178 64290 - ::1 Mozilla/5.0+(Windows+NT+10.0;+WOW64)+AppleWebKit/537.36+(KHTML,+like+Gecko)+Chrome/63.0.3239.132+Safari/537.36 http://localhost:64290/Login/Index 200 0 0 3
2018-07-28 02:18:59 ::1 GET /Login/Index - 64290 - ::1 Mozilla/5.0+(Windows+NT+10.0;+WOW64)+AppleWebKit/537.36+(KHTML,+like+Gecko)+Chrome/63.0.3239.132+Safari/537.36 - 200 0 0 267
2018-07-28 02:18:59 ::1 GET /login/code - 64290 - ::1 Mozilla/5.0+(Windows+NT+10.0;+WOW64)+AppleWebKit/537.36+(KHTML,+like+Gecko)+Chrome/63.0.3239.132+Safari/537.36 http://localhost:64290/Login/Index 200 0 0 3
2018-07-28 02:18:59 ::1 GET /login/code update=87523 64290 - ::1 Mozilla/5.0+(Windows+NT+10.0;+WOW64)+AppleWebKit/537.36+(KHTML,+like+Gecko)+Chrome/63.0.3239.132+Safari/537.36 http://localhost:64290/Login/Index 200 0 0 4
2018-07-28 02:19:55 ::1 GET /Login/Index - 64290 - ::1 Mozilla/5.0+(Windows+NT+10.0;+WOW64)+AppleWebKit/537.36+(KHTML,+like+Gecko)+Chrome/63.0.3239.132+Safari/537.36 - 200 0 0 254
2018-07-28 02:19:55 ::1 GET /static/images/Login.jpg - 64290 - ::1 Mozilla/5.0+(Windows+NT+10.0;+WOW64)+AppleWebKit/537.36+(KHTML,+like+Gecko)+Chrome/63.0.3239.132+Safari/537.36 http://localhost:64290/Login/Index 200 0 0 15
2018-07-28 02:19:55 ::1 GET /login/code - 64290 - ::1 Mozilla/5.0+(Windows+NT+10.0;+WOW64)+AppleWebKit/537.36+(KHTML,+like+Gecko)+Chrome/63.0.3239.132+Safari/537.36 http://localhost:64290/Login/Index 200 0 0 5
2018-07-28 02:19:55 ::1 GET /login/code update=37413 64290 - ::1 Mozilla/5.0+(Windows+NT+10.0;+WOW64)+AppleWebKit/537.36+(KHTML,+like+Gecko)+Chrome/63.0.3239.132+Safari/537.36 http://localhost:64290/Login/Index 200 0 0 4
2018-07-28 02:21:30 ::1 GET /Login/Index - 64290 - ::1 Mozilla/5.0+(Windows+NT+10.0;+WOW64)+AppleWebKit/537.36+(KHTML,+like+Gecko)+Chrome/63.0.3239.132+Safari/537.36 - 200 0 0 263
2018-07-28 02:21:30 ::1 GET /login/code - 64290 - ::1 Mozilla/5.0+(Windows+NT+10.0;+WOW64)+AppleWebKit/537.36+(KHTML,+like+Gecko)+Chrome/63.0.3239.132+Safari/537.36 http://localhost:64290/Login/Index 200 0 0 6
2018-07-28 02:21:30 ::1 GET /login/code update=25210 64290 - ::1 Mozilla/5.0+(Windows+NT+10.0;+WOW64)+AppleWebKit/537.36+(KHTML,+like+Gecko)+Chrome/63.0.3239.132+Safari/537.36 http://localhost:64290/Login/Index 200 0 0 4
2018-07-28 02:21:42 ::1 GET /Login/Index - 64290 - ::1 Mozilla/5.0+(Windows+NT+10.0;+WOW64)+AppleWebKit/537.36+(KHTML,+like+Gecko)+Chrome/63.0.3239.132+Safari/537.36 - 200 0 0 272
2018-07-28 02:21:42 ::1 GET /login/code - 64290 - ::1 Mozilla/5.0+(Windows+NT+10.0;+WOW64)+AppleWebKit/537.36+(KHTML,+like+Gecko)+Chrome/63.0.3239.132+Safari/537.36 http://localhost:64290/Login/Index 200 0 0 7
2018-07-28 02:21:42 ::1 GET /login/code update=81566 64290 - ::1 Mozilla/5.0+(Windows+NT+10.0;+WOW64)+AppleWebKit/537.36+(KHTML,+like+Gecko)+Chrome/63.0.3239.132+Safari/537.36 http://localhost:64290/Login/Index 200 0 0 6
2018-07-28 02:21:49 ::1 GET /Login/Index - 64290 - ::1 Mozilla/5.0+(Windows+NT+10.0;+WOW64)+AppleWebKit/537.36+(KHTML,+like+Gecko)+Chrome/63.0.3239.132+Safari/537.36 - 200 0 0 243
2018-07-28 02:21:49 ::1 GET /login/code - 64290 - ::1 Mozilla/5.0+(Windows+NT+10.0;+WOW64)+AppleWebKit/537.36+(KHTML,+like+Gecko)+Chrome/63.0.3239.132+Safari/537.36 http://localhost:64290/Login/Index 200 0 0 6
2018-07-28 02:21:49 ::1 GET /login/code update=43031 64290 - ::1 Mozilla/5.0+(Windows+NT+10.0;+WOW64)+AppleWebKit/537.36+(KHTML,+like+Gecko)+Chrome/63.0.3239.132+Safari/537.36 http://localhost:64290/Login/Index 200 0 0 4
2018-07-28 02:21:55 ::1 GET /Login/Index - 64290 - ::1 Mozilla/5.0+(Windows+NT+10.0;+WOW64)+AppleWebKit/537.36+(KHTML,+like+Gecko)+Chrome/63.0.3239.132+Safari/537.36 - 200 0 64 1069
2018-07-28 02:21:55 ::1 GET /Login/Index - 64290 - ::1 Mozilla/5.0+(Windows+NT+10.0;+WOW64)+AppleWebKit/537.36+(KHTML,+like+Gecko)+Chrome/63.0.3239.132+Safari/537.36 - 200 0 64 222
2018-07-28 02:21:55 ::1 GET /Login/Index - 64290 - ::1 Mozilla/5.0+(Windows+NT+10.0;+WOW64)+AppleWebKit/537.36+(KHTML,+like+Gecko)+Chrome/63.0.3239.132+Safari/537.36 - 200 0 0 88
2018-07-28 02:21:55 ::1 GET /login/code - 64290 - ::1 Mozilla/5.0+(Windows+NT+10.0;+WOW64)+AppleWebKit/537.36+(KHTML,+like+Gecko)+Chrome/63.0.3239.132+Safari/537.36 http://localhost:64290/Login/Index 200 0 0 14
2018-07-28 02:21:55 ::1 GET /login/code update=45084 64290 - ::1 Mozilla/5.0+(Windows+NT+10.0;+WOW64)+AppleWebKit/537.36+(KHTML,+like+Gecko)+Chrome/63.0.3239.132+Safari/537.36 http://localhost:64290/Login/Index 200 0 0 4
2018-07-28 02:22:00 ::1 GET /Login/Index - 64290 - ::1 Mozilla/5.0+(Windows+NT+10.0;+WOW64)+AppleWebKit/537.36+(KHTML,+like+Gecko)+Chrome/63.0.3239.132+Safari/537.36 - 200 0 0 179
2018-07-28 02:22:00 ::1 GET /login/code - 64290 - ::1 Mozilla/5.0+(Windows+NT+10.0;+WOW64)+AppleWebKit/537.36+(KHTML,+like+Gecko)+Chrome/63.0.3239.132+Safari/537.36 http://localhost:64290/Login/Index 200 0 0 7
2018-07-28 02:22:00 ::1 GET /login/code update=51846 64290 - ::1 Mozilla/5.0+(Windows+NT+10.0;+WOW64)+AppleWebKit/537.36+(KHTML,+like+Gecko)+Chrome/63.0.3239.132+Safari/537.36 http://localhost:64290/Login/Index 200 0 0 3
2018-07-28 02:22:07 ::1 GET /Login/Index - 64290 - ::1 Mozilla/5.0+(Windows+NT+10.0;+WOW64)+AppleWebKit/537.36+(KHTML,+like+Gecko)+Chrome/63.0.3239.132+Safari/537.36 - 200 0 0 244
2018-07-28 02:22:07 ::1 GET /login/code - 64290 - ::1 Mozilla/5.0+(Windows+NT+10.0;+WOW64)+AppleWebKit/537.36+(KHTML,+like+Gecko)+Chrome/63.0.3239.132+Safari/537.36 http://localhost:64290/Login/Index 200 0 0 6
2018-07-28 02:22:07 ::1 GET /login/code update=82242 64290 - ::1 Mozilla/5.0+(Windows+NT+10.0;+WOW64)+AppleWebKit/537.36+(KHTML,+like+Gecko)+Chrome/63.0.3239.132+Safari/537.36 http://localhost:64290/Login/Index 200 0 0 3
2018-07-28 02:22:18 ::1 GET /Login/Index - 64290 - ::1 Mozilla/5.0+(Windows+NT+10.0;+WOW64)+AppleWebKit/537.36+(KHTML,+like+Gecko)+Chrome/63.0.3239.132+Safari/537.36 - 200 0 0 263
2018-07-28 02:22:18 ::1 GET /login/code - 64290 - ::1 Mozilla/5.0+(Windows+NT+10.0;+WOW64)+AppleWebKit/537.36+(KHTML,+like+Gecko)+Chrome/63.0.3239.132+Safari/537.36 http://localhost:64290/Login/Index 200 0 0 3
2018-07-28 02:22:18 ::1 GET /login/code update=97753 64290 - ::1 Mozilla/5.0+(Windows+NT+10.0;+WOW64)+AppleWebKit/537.36+(KHTML,+like+Gecko)+Chrome/63.0.3239.132+Safari/537.36 http://localhost:64290/Login/Index 200 0 0 3
2018-07-28 02:22:58 ::1 GET /Login/Index - 64290 - ::1 Mozilla/5.0+(Windows+NT+10.0;+WOW64)+AppleWebKit/537.36+(KHTML,+like+Gecko)+Chrome/63.0.3239.132+Safari/537.36 - 200 0 0 260
2018-07-28 02:22:58 ::1 GET /login/code - 64290 - ::1 Mozilla/5.0+(Windows+NT+10.0;+WOW64)+AppleWebKit/537.36+(KHTML,+like+Gecko)+Chrome/63.0.3239.132+Safari/537.36 http://localhost:64290/Login/Index 200 0 0 11
2018-07-28 02:22:58 ::1 GET /login/code update=43985 64290 - ::1 Mozilla/5.0+(Windows+NT+10.0;+WOW64)+AppleWebKit/537.36+(KHTML,+like+Gecko)+Chrome/63.0.3239.132+Safari/537.36 http://localhost:64290/Login/Index 200 0 0 4
2018-07-28 02:24:02 ::1 GET /Login/Index - 64290 - ::1 Mozilla/5.0+(Windows+NT+10.0;+WOW64)+AppleWebKit/537.36+(KHTML,+like+Gecko)+Chrome/63.0.3239.132+Safari/537.36 - 200 0 0 296
2018-07-28 02:24:02 ::1 GET /login/code - 64290 - ::1 Mozilla/5.0+(Windows+NT+10.0;+WOW64)+AppleWebKit/537.36+(KHTML,+like+Gecko)+Chrome/63.0.3239.132+Safari/537.36 http://localhost:64290/Login/Index 200 0 0 6
2018-07-28 02:24:02 ::1 GET /login/code update=47738 64290 - ::1 Mozilla/5.0+(Windows+NT+10.0;+WOW64)+AppleWebKit/537.36+(KHTML,+like+Gecko)+Chrome/63.0.3239.132+Safari/537.36 http://localhost:64290/Login/Index 200 0 0 5
2018-07-28 02:24:02 ::1 GET /Login/Index - 64290 - ::1 Mozilla/5.0+(Windows+NT+10.0;+WOW64)+AppleWebKit/537.36+(KHTML,+like+Gecko)+Chrome/63.0.3239.132+Safari/537.36 - 200 0 0 2
2018-07-28 02:24:02 ::1 GET /login/code - 64290 - ::1 Mozilla/5.0+(Windows+NT+10.0;+WOW64)+AppleWebKit/537.36+(KHTML,+like+Gecko)+Chrome/63.0.3239.132+Safari/537.36 http://localhost:64290/Login/Index 200 0 0 9
2018-07-28 02:24:02 ::1 GET /login/code update=40655 64290 - ::1 Mozilla/5.0+(Windows+NT+10.0;+WOW64)+AppleWebKit/537.36+(KHTML,+like+Gecko)+Chrome/63.0.3239.132+Safari/537.36 http://localhost:64290/Login/Index 200 0 0 3
2018-07-28 02:24:02 ::1 GET /Login/Index - 64290 - ::1 Mozilla/5.0+(Windows+NT+10.0;+WOW64)+AppleWebKit/537.36+(KHTML,+like+Gecko)+Chrome/63.0.3239.132+Safari/537.36 - 200 0 0 2
2018-07-28 02:24:02 ::1 GET /login/code - 64290 - ::1 Mozilla/5.0+(Windows+NT+10.0;+WOW64)+AppleWebKit/537.36+(KHTML,+like+Gecko)+Chrome/63.0.3239.132+Safari/537.36 http://localhost:64290/Login/Index 200 0 0 7
2018-07-28 02:24:02 ::1 GET /login/code update=99598 64290 - ::1 Mozilla/5.0+(Windows+NT+10.0;+WOW64)+AppleWebKit/537.36+(KHTML,+like+Gecko)+Chrome/63.0.3239.132+Safari/537.36 http://localhost:64290/Login/Index 200 0 0 5
2018-07-28 02:24:02 ::1 GET /Login/Index - 64290 - ::1 Mozilla/5.0+(Windows+NT+10.0;+WOW64)+AppleWebKit/537.36+(KHTML,+like+Gecko)+Chrome/63.0.3239.132+Safari/537.36 - 200 0 0 2
2018-07-28 02:24:02 ::1 GET /login/code - 64290 - ::1 Mozilla/5.0+(Windows+NT+10.0;+WOW64)+AppleWebKit/537.36+(KHTML,+like+Gecko)+Chrome/63.0.3239.132+Safari/537.36 http://localhost:64290/Login/Index 200 0 0 4
2018-07-28 02:24:02 ::1 GET /login/code update=6223. 64290 - ::1 Mozilla/5.0+(Windows+NT+10.0;+WOW64)+AppleWebKit/537.36+(KHTML,+like+Gecko)+Chrome/63.0.3239.132+Safari/537.36 http://localhost:64290/Login/Index 200 0 0 3
2018-07-28 02:24:13 ::1 GET /Login/Index - 64290 - ::1 Mozilla/5.0+(Windows+NT+10.0;+WOW64)+AppleWebKit/537.36+(KHTML,+like+Gecko)+Chrome/63.0.3239.132+Safari/537.36 - 200 0 0 273
2018-07-28 02:24:13 ::1 GET /login/code - 64290 - ::1 Mozilla/5.0+(Windows+NT+10.0;+WOW64)+AppleWebKit/537.36+(KHTML,+like+Gecko)+Chrome/63.0.3239.132+Safari/537.36 http://localhost:64290/Login/Index 200 0 0 6
2018-07-28 02:24:13 ::1 GET /login/code update=29568 64290 - ::1 Mozilla/5.0+(Windows+NT+10.0;+WOW64)+AppleWebKit/537.36+(KHTML,+like+Gecko)+Chrome/63.0.3239.132+Safari/537.36 http://localhost:64290/Login/Index 200 0 0 3
2018-07-28 02:24:13 ::1 GET /Login/Index - 64290 - ::1 Mozilla/5.0+(Windows+NT+10.0;+WOW64)+AppleWebKit/537.36+(KHTML,+like+Gecko)+Chrome/63.0.3239.132+Safari/537.36 - 200 0 0 5
2018-07-28 02:24:13 ::1 GET /login/code - 64290 - ::1 Mozilla/5.0+(Windows+NT+10.0;+WOW64)+AppleWebKit/537.36+(KHTML,+like+Gecko)+Chrome/63.0.3239.132+Safari/537.36 http://localhost:64290/Login/Index 200 0 0 19
2018-07-28 02:24:13 ::1 GET /login/code update=71139 64290 - ::1 Mozilla/5.0+(Windows+NT+10.0;+WOW64)+AppleWebKit/537.36+(KHTML,+like+Gecko)+Chrome/63.0.3239.132+Safari/537.36 http://localhost:64290/Login/Index 200 0 0 5
2018-07-28 02:24:13 ::1 GET /Login/Index - 64290 - ::1 Mozilla/5.0+(Windows+NT+10.0;+WOW64)+AppleWebKit/537.36+(KHTML,+like+Gecko)+Chrome/63.0.3239.132+Safari/537.36 - 200 0 0 3
2018-07-28 02:24:13 ::1 GET /login/code - 64290 - ::1 Mozilla/5.0+(Windows+NT+10.0;+WOW64)+AppleWebKit/537.36+(KHTML,+like+Gecko)+Chrome/63.0.3239.132+Safari/537.36 http://localhost:64290/Login/Index 200 0 0 7
2018-07-28 02:24:13 ::1 GET /login/code update=95821 64290 - ::1 Mozilla/5.0+(Windows+NT+10.0;+WOW64)+AppleWebKit/537.36+(KHTML,+like+Gecko)+Chrome/63.0.3239.132+Safari/537.36 http://localhost:64290/Login/Index 200 0 0 6
2018-07-28 02:24:29 ::1 GET /Login/Index - 64290 - ::1 Mozilla/5.0+(Windows+NT+10.0;+WOW64)+AppleWebKit/537.36+(KHTML,+like+Gecko)+Chrome/63.0.3239.132+Safari/537.36 - 200 0 0 251
2018-07-28 02:24:29 ::1 GET /login/code - 64290 - ::1 Mozilla/5.0+(Windows+NT+10.0;+WOW64)+AppleWebKit/537.36+(KHTML,+like+Gecko)+Chrome/63.0.3239.132+Safari/537.36 http://localhost:64290/Login/Index 200 0 0 4
2018-07-28 02:24:29 ::1 GET /login/code update=76762 64290 - ::1 Mozilla/5.0+(Windows+NT+10.0;+WOW64)+AppleWebKit/537.36+(KHTML,+like+Gecko)+Chrome/63.0.3239.132+Safari/537.36 http://localhost:64290/Login/Index 200 0 0 3
2018-07-28 02:24:43 ::1 GET /Login/Index - 64290 - ::1 Mozilla/5.0+(Windows+NT+10.0;+WOW64)+AppleWebKit/537.36+(KHTML,+like+Gecko)+Chrome/63.0.3239.132+Safari/537.36 - 200 0 0 264
2018-07-28 02:24:43 ::1 GET /login/code - 64290 - ::1 Mozilla/5.0+(Windows+NT+10.0;+WOW64)+AppleWebKit/537.36+(KHTML,+like+Gecko)+Chrome/63.0.3239.132+Safari/537.36 http://localhost:64290/Login/Index 200 0 0 9
2018-07-28 02:24:43 ::1 GET /login/code update=73216 64290 - ::1 Mozilla/5.0+(Windows+NT+10.0;+WOW64)+AppleWebKit/537.36+(KHTML,+like+Gecko)+Chrome/63.0.3239.132+Safari/537.36 http://localhost:64290/Login/Index 200 0 0 3
2018-07-28 02:26:55 ::1 GET /Login/Index - 64290 - ::1 Mozilla/5.0+(Windows+NT+10.0;+WOW64)+AppleWebKit/537.36+(KHTML,+like+Gecko)+Chrome/63.0.3239.132+Safari/537.36 - 200 0 0 270
2018-07-28 02:26:55 ::1 GET /static/images/Login.jpg - 64290 - ::1 Mozilla/5.0+(Windows+NT+10.0;+WOW64)+AppleWebKit/537.36+(KHTML,+like+Gecko)+Chrome/63.0.3239.132+Safari/537.36 http://localhost:64290/Login/Index 304 0 0 4
2018-07-28 02:26:55 ::1 GET /login/code - 64290 - ::1 Mozilla/5.0+(Windows+NT+10.0;+WOW64)+AppleWebKit/537.36+(KHTML,+like+Gecko)+Chrome/63.0.3239.132+Safari/537.36 http://localhost:64290/Login/Index 200 0 0 8
2018-07-28 02:26:55 ::1 GET /login/code update=94446 64290 - ::1 Mozilla/5.0+(Windows+NT+10.0;+WOW64)+AppleWebKit/537.36+(KHTML,+like+Gecko)+Chrome/63.0.3239.132+Safari/537.36 http://localhost:64290/Login/Index 200 0 0 4
2018-07-28 02:26:55 ::1 GET /Static/images/11.jpg - 64290 - ::1 Mozilla/5.0+(Windows+NT+10.0;+WOW64)+AppleWebKit/537.36+(KHTML,+like+Gecko)+Chrome/63.0.3239.132+Safari/537.36 http://localhost:64290/Login/Index 200 0 0 20
2018-07-28 02:27:34 ::1 POST /login/check - 64290 - ::1 Mozilla/5.0+(Windows+NT+10.0;+WOW64)+AppleWebKit/537.36+(KHTML,+like+Gecko)+Chrome/63.0.3239.132+Safari/537.36 http://localhost:64290/Login/Index 200 0 0 166
2018-07-28 02:27:37 ::1 GET /login/code update=55355 64290 - ::1 Mozilla/5.0+(Windows+NT+10.0;+WOW64)+AppleWebKit/537.36+(KHTML,+like+Gecko)+Chrome/63.0.3239.132+Safari/537.36 http://localhost:64290/Login/Index 200 0 0 4
2018-07-28 02:27:42 ::1 GET /login/code update=28453 64290 - ::1 Mozilla/5.0+(Windows+NT+10.0;+WOW64)+AppleWebKit/537.36+(KHTML,+like+Gecko)+Chrome/63.0.3239.132+Safari/537.36 http://localhost:64290/Login/Index 200 0 0 6
2018-07-28 02:27:45 ::1 POST /login/check - 64290 - ::1 Mozilla/5.0+(Windows+NT+10.0;+WOW64)+AppleWebKit/537.36+(KHTML,+like+Gecko)+Chrome/63.0.3239.132+Safari/537.36 http://localhost:64290/Login/Index 200 0 0 5
2018-07-28 02:27:47 ::1 POST /login/check - 64290 - ::1 Mozilla/5.0+(Windows+NT+10.0;+WOW64)+AppleWebKit/537.36+(KHTML,+like+Gecko)+Chrome/63.0.3239.132+Safari/537.36 http://localhost:64290/Login/Index 200 0 0 2
2018-07-28 02:27:48 ::1 GET /login/code update=9456. 64290 - ::1 Mozilla/5.0+(Windows+NT+10.0;+WOW64)+AppleWebKit/537.36+(KHTML,+like+Gecko)+Chrome/63.0.3239.132+Safari/537.36 http://localhost:64290/Login/Index 200 0 0 9
2018-07-28 02:27:53 ::1 POST /login/check - 64290 - ::1 Mozilla/5.0+(Windows+NT+10.0;+WOW64)+AppleWebKit/537.36+(KHTML,+like+Gecko)+Chrome/63.0.3239.132+Safari/537.36 http://localhost:64290/Login/Index 200 0 0 814
2018-07-28 02:27:54 ::1 GET / - 64290 - ::1 Mozilla/5.0+(Windows+NT+10.0;+WOW64)+AppleWebKit/537.36+(KHTML,+like+Gecko)+Chrome/63.0.3239.132+Safari/537.36 http://localhost:64290/Login/Index 200 0 0 1230
2018-07-28 02:27:54 ::1 GET /static/css/admin.css v=20180502v2 64290 - ::1 Mozilla/5.0+(Windows+NT+10.0;+WOW64)+AppleWebKit/537.36+(KHTML,+like+Gecko)+Chrome/63.0.3239.132+Safari/537.36 http://localhost:64290/ 200 0 0 16
2018-07-28 02:27:54 ::1 GET /static/js/admin.js 20180503 64290 - ::1 Mozilla/5.0+(Windows+NT+10.0;+WOW64)+AppleWebKit/537.36+(KHTML,+like+Gecko)+Chrome/63.0.3239.132+Safari/537.36 http://localhost:64290/ 200 0 0 17
2018-07-28 02:27:54 ::1 GET /Static/js/semanticModelEXT.js - 64290 - ::1 Mozilla/5.0+(Windows+NT+10.0;+WOW64)+AppleWebKit/537.36+(KHTML,+like+Gecko)+Chrome/63.0.3239.132+Safari/537.36 http://localhost:64290/ 200 0 0 20
2018-07-28 02:27:54 ::1 GET /static/css/docs.css v=20180502v2 64290 - ::1 Mozilla/5.0+(Windows+NT+10.0;+WOW64)+AppleWebKit/537.36+(KHTML,+like+Gecko)+Chrome/63.0.3239.132+Safari/537.36 http://localhost:64290/ 200 0 0 24
2018-07-28 02:27:54 ::1 GET /Static/js/lodash.js - 64290 - ::1 Mozilla/5.0+(Windows+NT+10.0;+WOW64)+AppleWebKit/537.36+(KHTML,+like+Gecko)+Chrome/63.0.3239.132+Safari/537.36 http://localhost:64290/ 200 0 0 61
2018-07-28 02:27:54 ::1 GET /static/images/logo.png - 64290 - ::1 Mozilla/5.0+(Windows+NT+10.0;+WOW64)+AppleWebKit/537.36+(KHTML,+like+Gecko)+Chrome/63.0.3239.132+Safari/537.36 http://localhost:64290/ 200 0 0 16
2018-07-28 02:27:58 ::1 GET /User - 64290 - ::1 Mozilla/5.0+(Windows+NT+10.0;+WOW64)+AppleWebKit/537.36+(KHTML,+like+Gecko)+Chrome/63.0.3239.132+Safari/537.36 http://localhost:64290/ 200 0 0 682
2018-07-28 02:27:58 ::1 GET /static/fonts/icons.woff2 - 64290 - ::1 Mozilla/5.0+(Windows+NT+10.0;+WOW64)+AppleWebKit/537.36+(KHTML,+like+Gecko)+Chrome/63.0.3239.132+Safari/537.36 http://localhost:64290/static/css/semantic.min.css 200 0 0 13
2018-07-28 02:28:09 ::1 GET /User - 64290 - ::1 Mozilla/5.0+(Windows+NT+10.0;+WOW64)+AppleWebKit/537.36+(KHTML,+like+Gecko)+Chrome/63.0.3239.132+Safari/537.36 http://localhost:64290/User 200 0 0 207
2018-07-28 02:28:14 ::1 GET /Record - 64290 - ::1 Mozilla/5.0+(Windows+NT+10.0;+WOW64)+AppleWebKit/537.36+(KHTML,+like+Gecko)+Chrome/63.0.3239.132+Safari/537.36 http://localhost:64290/User 200 0 0 577
2018-07-28 02:28:14 ::1 GET /static/js/jquery.datetimepicker.js - 64290 - ::1 Mozilla/5.0+(Windows+NT+10.0;+WOW64)+AppleWebKit/537.36+(KHTML,+like+Gecko)+Chrome/63.0.3239.132+Safari/537.36 http://localhost:64290/Record 200 0 0 14
2018-07-28 02:28:14 ::1 GET /static/css/jquery.datetimepicker.css - 64290 - ::1 Mozilla/5.0+(Windows+NT+10.0;+WOW64)+AppleWebKit/537.36+(KHTML,+like+Gecko)+Chrome/63.0.3239.132+Safari/537.36 http://localhost:64290/Record 200 0 0 20
2018-07-28 02:28:24 ::1 GET /User - 64290 - ::1 Mozilla/5.0+(Windows+NT+10.0;+WOW64)+AppleWebKit/537.36+(KHTML,+like+Gecko)+Chrome/63.0.3239.132+Safari/537.36 http://localhost:64290/Record 200 0 0 201
2018-07-28 02:28:28 ::1 POST /User/Delete - 64290 - ::1 Mozilla/5.0+(Windows+NT+10.0;+WOW64)+AppleWebKit/537.36+(KHTML,+like+Gecko)+Chrome/63.0.3239.132+Safari/537.36 http://localhost:64290/User 200 0 0 4
2018-07-28 02:28:32 ::1 GET /User - 64290 - ::1 Mozilla/5.0+(Windows+NT+10.0;+WOW64)+AppleWebKit/537.36+(KHTML,+like+Gecko)+Chrome/63.0.3239.132+Safari/537.36 http://localhost:64290/User 200 0 0 202
2018-07-28 02:28:35 ::1 GET /User - 64290 - ::1 Mozilla/5.0+(Windows+NT+10.0;+WOW64)+AppleWebKit/537.36+(KHTML,+like+Gecko)+Chrome/63.0.3239.132+Safari/537.36 http://localhost:64290/User 200 0 0 201
2018-07-28 02:28:38 ::1 GET /User - 64290 - ::1 Mozilla/5.0+(Windows+NT+10.0;+WOW64)+AppleWebKit/537.36+(KHTML,+like+Gecko)+Chrome/63.0.3239.132+Safari/537.36 http://localhost:64290/User 200 0 0 202
2018-07-28 02:28:42 ::1 GET /Record - 64290 - ::1 Mozilla/5.0+(Windows+NT+10.0;+WOW64)+AppleWebKit/537.36+(KHTML,+like+Gecko)+Chrome/63.0.3239.132+Safari/537.36 http://localhost:64290/User 200 0 0 209
2018-07-28 02:28:46 ::1 GET /Record/Edit - 64290 - ::1 Mozilla/5.0+(Windows+NT+10.0;+WOW64)+AppleWebKit/537.36+(KHTML,+like+Gecko)+Chrome/63.0.3239.132+Safari/537.36 http://localhost:64290/Record 200 0 0 133
2018-07-28 02:28:59 ::1 GET /Record date=2018-07-28 64290 - ::1 Mozilla/5.0+(Windows+NT+10.0;+WOW64)+AppleWebKit/537.36+(KHTML,+like+Gecko)+Chrome/63.0.3239.132+Safari/537.36 http://localhost:64290/Record 200 0 0 204
2018-07-28 02:29:03 ::1 GET /Record - 64290 - ::1 Mozilla/5.0+(Windows+NT+10.0;+WOW64)+AppleWebKit/537.36+(KHTML,+like+Gecko)+Chrome/63.0.3239.132+Safari/537.36 http://localhost:64290/Record?date=2018-07-28 200 0 0 209
2018-07-28 02:29:04 ::1 GET /Record - 64290 - ::1 Mozilla/5.0+(Windows+NT+10.0;+WOW64)+AppleWebKit/537.36+(KHTML,+like+Gecko)+Chrome/63.0.3239.132+Safari/537.36 http://localhost:64290/Record 200 0 0 208
2018-07-28 02:29:05 ::1 GET /Record/Edit - 64290 - ::1 Mozilla/5.0+(Windows+NT+10.0;+WOW64)+AppleWebKit/537.36+(KHTML,+like+Gecko)+Chrome/63.0.3239.132+Safari/537.36 http://localhost:64290/Record 200 0 0 100
2018-07-28 02:29:10 ::1 POST /Record/EditRecord - 64290 - ::1 Mozilla/5.0+(Windows+NT+10.0;+WOW64)+AppleWebKit/537.36+(KHTML,+like+Gecko)+Chrome/63.0.3239.132+Safari/537.36 http://localhost:64290/Record/Edit 200 0 0 367
2018-07-28 02:29:13 ::1 GET /Record - 64290 - ::1 Mozilla/5.0+(Windows+NT+10.0;+WOW64)+AppleWebKit/537.36+(KHTML,+like+Gecko)+Chrome/63.0.3239.132+Safari/537.36 http://localhost:64290/Record/EditRecord 200 0 0 209
2018-07-28 02:29:19 ::1 GET /Record/Edit - 64290 - ::1 Mozilla/5.0+(Windows+NT+10.0;+WOW64)+AppleWebKit/537.36+(KHTML,+like+Gecko)+Chrome/63.0.3239.132+Safari/537.36 http://localhost:64290/Record 200 0 0 103
2018-07-28 02:29:24 ::1 GET /User - 64290 - ::1 Mozilla/5.0+(Windows+NT+10.0;+WOW64)+AppleWebKit/537.36+(KHTML,+like+Gecko)+Chrome/63.0.3239.132+Safari/537.36 http://localhost:64290/Record 200 0 0 198
2018-07-28 02:30:58 ::1 GET /login/code update=61382 64290 - ::1 Mozilla/5.0+(Windows+NT+10.0;+WOW64)+AppleWebKit/537.36+(KHTML,+like+Gecko)+Chrome/63.0.3239.132+Safari/537.36 http://localhost:64290/Login/Index 200 0 0 6
2018-07-28 02:30:58 ::1 GET /Login/Index - 64290 - ::1 Mozilla/5.0+(Windows+NT+10.0;+WOW64)+AppleWebKit/537.36+(KHTML,+like+Gecko)+Chrome/63.0.3239.132+Safari/537.36 - 200 0 0 4
2018-07-28 02:30:58 ::1 GET /login/code - 64290 - ::1 Mozilla/5.0+(Windows+NT+10.0;+WOW64)+AppleWebKit/537.36+(KHTML,+like+Gecko)+Chrome/63.0.3239.132+Safari/537.36 http://localhost:64290/Login/Index 200 0 0 10
2018-07-28 02:30:58 ::1 GET /login/code update=21059 64290 - ::1 Mozilla/5.0+(Windows+NT+10.0;+WOW64)+AppleWebKit/537.36+(KHTML,+like+Gecko)+Chrome/63.0.3239.132+Safari/537.36 http://localhost:64290/Login/Index 200 0 0 3
2018-07-28 02:30:58 ::1 GET /Static/images/11.jpg - 64290 - ::1 Mozilla/5.0+(Windows+NT+10.0;+WOW64)+AppleWebKit/537.36+(KHTML,+like+Gecko)+Chrome/63.0.3239.132+Safari/537.36 http://localhost:64290/Login/Index 304 0 0 8
2018-07-28 02:30:58 ::1 GET /Login/Index - 64290 - ::1 Mozilla/5.0+(Windows+NT+10.0;+WOW64)+AppleWebKit/537.36+(KHTML,+like+Gecko)+Chrome/63.0.3239.132+Safari/537.36 - 200 0 0 2
2018-07-28 02:30:58 ::1 GET /login/code - 64290 - ::1 Mozilla/5.0+(Windows+NT+10.0;+WOW64)+AppleWebKit/537.36+(KHTML,+like+Gecko)+Chrome/63.0.3239.132+Safari/537.36 http://localhost:64290/Login/Index 200 0 0 8
2018-07-28 02:30:58 ::1 GET /login/code update=91582 64290 - ::1 Mozilla/5.0+(Windows+NT+10.0;+WOW64)+AppleWebKit/537.36+(KHTML,+like+Gecko)+Chrome/63.0.3239.132+Safari/537.36 http://localhost:64290/Login/Index 200 0 0 4
2018-07-28 02:31:28 ::1 GET /Login/Index - 64290 - ::1 Mozilla/5.0+(Windows+NT+10.0;+WOW64)+AppleWebKit/537.36+(KHTML,+like+Gecko)+Chrome/63.0.3239.132+Safari/537.36 - 200 0 0 267
2018-07-28 02:31:28 ::1 GET /login/code - 64290 - ::1 Mozilla/5.0+(Windows+NT+10.0;+WOW64)+AppleWebKit/537.36+(KHTML,+like+Gecko)+Chrome/63.0.3239.132+Safari/537.36 http://localhost:64290/Login/Index 200 0 0 6
2018-07-28 02:31:28 ::1 GET /static/images/lastLogin.jpg - 64290 - ::1 Mozilla/5.0+(Windows+NT+10.0;+WOW64)+AppleWebKit/537.36+(KHTML,+like+Gecko)+Chrome/63.0.3239.132+Safari/537.36 http://localhost:64290/Login/Index 200 0 0 17
2018-07-28 02:31:28 ::1 GET /login/code update=24031 64290 - ::1 Mozilla/5.0+(Windows+NT+10.0;+WOW64)+AppleWebKit/537.36+(KHTML,+like+Gecko)+Chrome/63.0.3239.132+Safari/537.36 http://localhost:64290/Login/Index 200 0 0 8
2018-07-28 02:31:40 ::1 GET /static/images/lastLogin.jpg - 64290 - ::1 Mozilla/5.0+(Windows+NT+10.0;+WOW64)+AppleWebKit/537.36+(KHTML,+like+Gecko)+Chrome/63.0.3239.132+Safari/537.36 - 304 0 0 2
2018-07-28 02:37:31 ::1 GET /Login/Index - 64290 - ::1 Mozilla/5.0+(Windows+NT+10.0;+WOW64)+AppleWebKit/537.36+(KHTML,+like+Gecko)+Chrome/63.0.3239.132+Safari/537.36 - 200 0 0 300
2018-07-28 02:37:31 ::1 GET /static/images/lastLogin.jpg - 64290 - ::1 Mozilla/5.0+(Windows+NT+10.0;+WOW64)+AppleWebKit/537.36+(KHTML,+like+Gecko)+Chrome/63.0.3239.132+Safari/537.36 http://localhost:64290/Login/Index 304 0 0 3
2018-07-28 02:37:31 ::1 GET /login/code - 64290 - ::1 Mozilla/5.0+(Windows+NT+10.0;+WOW64)+AppleWebKit/537.36+(KHTML,+like+Gecko)+Chrome/63.0.3239.132+Safari/537.36 http://localhost:64290/Login/Index 200 0 0 9
2018-07-28 02:37:31 ::1 GET /login/code update=23096 64290 - ::1 Mozilla/5.0+(Windows+NT+10.0;+WOW64)+AppleWebKit/537.36+(KHTML,+like+Gecko)+Chrome/63.0.3239.132+Safari/537.36 http://localhost:64290/Login/Index 200 0 0 4
2018-07-28 02:37:53 ::1 GET /Login/Index - 64290 - ::1 Mozilla/5.0+(Windows+NT+10.0;+WOW64)+AppleWebKit/537.36+(KHTML,+like+Gecko)+Chrome/63.0.3239.132+Safari/537.36 http://localhost:64290/Login/Index 200 0 0 2
2018-07-28 02:37:53 ::1 GET /login/code - 64290 - ::1 Mozilla/5.0+(Windows+NT+10.0;+WOW64)+AppleWebKit/537.36+(KHTML,+like+Gecko)+Chrome/63.0.3239.132+Safari/537.36 http://localhost:64290/Login/Index 200 0 0 12
2018-07-28 02:37:53 ::1 GET /login/code update=20125 64290 - ::1 Mozilla/5.0+(Windows+NT+10.0;+WOW64)+AppleWebKit/537.36+(KHTML,+like+Gecko)+Chrome/63.0.3239.132+Safari/537.36 http://localhost:64290/Login/Index 200 0 0 4
2018-07-28 02:38:18 ::1 GET /Login/Index - 64290 - ::1 Mozilla/5.0+(Windows+NT+10.0;+WOW64)+AppleWebKit/537.36+(KHTML,+like+Gecko)+Chrome/63.0.3239.132+Safari/537.36 http://localhost:64290/Login/Index 200 0 0 245
2018-07-28 02:38:18 ::1 GET /static/images/lastLogin.jpg - 64290 - ::1 Mozilla/5.0+(Windows+NT+10.0;+WOW64)+AppleWebKit/537.36+(KHTML,+like+Gecko)+Chrome/63.0.3239.132+Safari/537.36 http://localhost:64290/Login/Index 304 0 0 9
2018-07-28 02:38:18 ::1 GET /login/code - 64290 - ::1 Mozilla/5.0+(Windows+NT+10.0;+WOW64)+AppleWebKit/537.36+(KHTML,+like+Gecko)+Chrome/63.0.3239.132+Safari/537.36 http://localhost:64290/Login/Index 200 0 0 9
2018-07-28 02:38:18 ::1 GET /login/code update=27337 64290 - ::1 Mozilla/5.0+(Windows+NT+10.0;+WOW64)+AppleWebKit/537.36+(KHTML,+like+Gecko)+Chrome/63.0.3239.132+Safari/537.36 http://localhost:64290/Login/Index 200 0 0 4
#Software: Microsoft Internet Information Services 10.0
#Version: 1.0
#Date: 2018-07-28 03:23:30
#Fields: date time s-ip cs-method cs-uri-stem cs-uri-query s-port cs-username c-ip cs(User-Agent) cs(Referer) sc-status sc-substatus sc-win32-status time-taken
2018-07-28 03:23:30 ::1 GET /Login/Index - 64290 - ::1 Mozilla/5.0+(Windows+NT+10.0;+WOW64)+AppleWebKit/537.36+(KHTML,+like+Gecko)+Chrome/63.0.3239.132+Safari/537.36 - 200 0 0 3685
2018-07-28 03:23:30 ::1 GET /static/js/jquery.min.js - 64290 - ::1 Mozilla/5.0+(Windows+NT+10.0;+WOW64)+AppleWebKit/537.36+(KHTML,+like+Gecko)+Chrome/63.0.3239.132+Safari/537.36 http://localhost:64290/Login/Index 200 0 0 22
2018-07-28 03:23:30 ::1 GET /static/css/admin.css v=1 64290 - ::1 Mozilla/5.0+(Windows+NT+10.0;+WOW64)+AppleWebKit/537.36+(KHTML,+like+Gecko)+Chrome/63.0.3239.132+Safari/537.36 http://localhost:64290/Login/Index 200 0 0 14
2018-07-28 03:23:30 ::1 GET /static/css/docs.css v=1 64290 - ::1 Mozilla/5.0+(Windows+NT+10.0;+WOW64)+AppleWebKit/537.36+(KHTML,+like+Gecko)+Chrome/63.0.3239.132+Safari/537.36 http://localhost:64290/Login/Index 200 0 0 35
2018-07-28 03:23:30 ::1 GET /static/js/admin.js - 64290 - ::1 Mozilla/5.0+(Windows+NT+10.0;+WOW64)+AppleWebKit/537.36+(KHTML,+like+Gecko)+Chrome/63.0.3239.132+Safari/537.36 http://localhost:64290/Login/Index 200 0 0 38
2018-07-28 03:23:30 ::1 GET /static/js/docs.js - 64290 - ::1 Mozilla/5.0+(Windows+NT+10.0;+WOW64)+AppleWebKit/537.36+(KHTML,+like+Gecko)+Chrome/63.0.3239.132+Safari/537.36 http://localhost:64290/Login/Index 200 0 0 38
2018-07-28 03:23:30 ::1 GET /static/js/semantic.min.js - 64290 - ::1 Mozilla/5.0+(Windows+NT+10.0;+WOW64)+AppleWebKit/537.36+(KHTML,+like+Gecko)+Chrome/63.0.3239.132+Safari/537.36 http://localhost:64290/Login/Index 200 0 0 57
2018-07-28 03:23:30 ::1 GET /static/css/semantic.min.css - 64290 - ::1 Mozilla/5.0+(Windows+NT+10.0;+WOW64)+AppleWebKit/537.36+(KHTML,+like+Gecko)+Chrome/63.0.3239.132+Safari/537.36 http://localhost:64290/Login/Index 200 0 0 70
2018-07-28 03:23:30 ::1 GET /static/images/lastLogin.jpg - 64290 - ::1 Mozilla/5.0+(Windows+NT+10.0;+WOW64)+AppleWebKit/537.36+(KHTML,+like+Gecko)+Chrome/63.0.3239.132+Safari/537.36 http://localhost:64290/Login/Index 200 0 0 24
2018-07-28 03:23:30 ::1 GET /login/code - 64290 - ::1 Mozilla/5.0+(Windows+NT+10.0;+WOW64)+AppleWebKit/537.36+(KHTML,+like+Gecko)+Chrome/63.0.3239.132+Safari/537.36 http://localhost:64290/Login/Index 200 0 0 7
2018-07-28 03:23:30 ::1 GET /login/code update=64998 64290 - ::1 Mozilla/5.0+(Windows+NT+10.0;+WOW64)+AppleWebKit/537.36+(KHTML,+like+Gecko)+Chrome/63.0.3239.132+Safari/537.36 http://localhost:64290/Login/Index 200 0 0 6
2018-07-28 03:23:30 ::1 GET /Static/images/11.jpg - 64290 - ::1 Mozilla/5.0+(Windows+NT+10.0;+WOW64)+AppleWebKit/537.36+(KHTML,+like+Gecko)+Chrome/63.0.3239.132+Safari/537.36 http://localhost:64290/Login/Index 200 0 0 26
2018-07-28 03:23:30 ::1 GET /static/fonts/Lato-Regular.woff2 - 64290 - ::1 Mozilla/5.0+(Windows+NT+10.0;+WOW64)+AppleWebKit/537.36+(KHTML,+like+Gecko)+Chrome/63.0.3239.132+Safari/537.36 http://localhost:64290/static/css/docs.css?v=1 200 0 0 33
2018-07-28 03:23:30 ::1 GET /static/fonts/Lato-Bold.woff2 - 64290 - ::1 Mozilla/5.0+(Windows+NT+10.0;+WOW64)+AppleWebKit/537.36+(KHTML,+like+Gecko)+Chrome/63.0.3239.132+Safari/537.36 http://localhost:64290/static/css/docs.css?v=1 200 0 0 50
2018-07-28 03:23:30 ::1 GET /favicon.ico - 64290 - ::1 Mozilla/5.0+(Windows+NT+10.0;+WOW64)+AppleWebKit/537.36+(KHTML,+like+Gecko)+Chrome/63.0.3239.132+Safari/537.36 http://localhost:64290/Login/Index 404 0 0 10
2018-07-28 03:23:53 ::1 GET /Login/Index - 64290 - ::1 Mozilla/5.0+(Windows+NT+10.0;+WOW64)+AppleWebKit/537.36+(KHTML,+like+Gecko)+Chrome/63.0.3239.132+Safari/537.36 - 200 0 0 258
2018-07-28 03:23:53 ::1 GET /login/code - 64290 - ::1 Mozilla/5.0+(Windows+NT+10.0;+WOW64)+AppleWebKit/537.36+(KHTML,+like+Gecko)+Chrome/63.0.3239.132+Safari/537.36 http://localhost:64290/Login/Index 200 0 0 9
2018-07-28 03:23:53 ::1 GET /login/code update=28294 64290 - ::1 Mozilla/5.0+(Windows+NT+10.0;+WOW64)+AppleWebKit/537.36+(KHTML,+like+Gecko)+Chrome/63.0.3239.132+Safari/537.36 http://localhost:64290/Login/Index 200 0 0 9
2018-07-28 03:24:07 ::1 GET /Login/Index - 64290 - ::1 Mozilla/5.0+(Windows+NT+10.0;+WOW64)+AppleWebKit/537.36+(KHTML,+like+Gecko)+Chrome/63.0.3239.132+Safari/537.36 - 200 0 0 951
2018-07-28 03:24:07 ::1 GET /login/code - 64290 - ::1 Mozilla/5.0+(Windows+NT+10.0;+WOW64)+AppleWebKit/537.36+(KHTML,+like+Gecko)+Chrome/63.0.3239.132+Safari/537.36 http://localhost:64290/Login/Index 200 0 0 17
2018-07-28 03:24:07 ::1 GET /login/code update=59934 64290 - ::1 Mozilla/5.0+(Windows+NT+10.0;+WOW64)+AppleWebKit/537.36+(KHTML,+like+Gecko)+Chrome/63.0.3239.132+Safari/537.36 http://localhost:64290/Login/Index 200 0 0 10
2018-07-28 03:24:07 ::1 GET /Login/Index - 64290 - ::1 Mozilla/5.0+(Windows+NT+10.0;+WOW64)+AppleWebKit/537.36+(KHTML,+like+Gecko)+Chrome/63.0.3239.132+Safari/537.36 - 200 0 0 2
2018-07-28 03:24:07 ::1 GET /login/code - 64290 - ::1 Mozilla/5.0+(Windows+NT+10.0;+WOW64)+AppleWebKit/537.36+(KHTML,+like+Gecko)+Chrome/63.0.3239.132+Safari/537.36 http://localhost:64290/Login/Index 200 0 0 8
2018-07-28 03:24:07 ::1 GET /login/code update=12470 64290 - ::1 Mozilla/5.0+(Windows+NT+10.0;+WOW64)+AppleWebKit/537.36+(KHTML,+like+Gecko)+Chrome/63.0.3239.132+Safari/537.36 http://localhost:64290/Login/Index 200 0 0 4
2018-07-28 03:24:17 ::1 POST /login/check - 64290 - ::1 Mozilla/5.0+(Windows+NT+10.0;+WOW64)+AppleWebKit/537.36+(KHTML,+like+Gecko)+Chrome/63.0.3239.132+Safari/537.36 http://localhost:64290/Login/Index 200 0 0 126
2018-07-28 03:24:17 ::1 POST /login/check - 64290 - ::1 Mozilla/5.0+(Windows+NT+10.0;+WOW64)+AppleWebKit/537.36+(KHTML,+like+Gecko)+Chrome/63.0.3239.132+Safari/537.36 http://localhost:64290/Login/Index 200 0 0 1
2018-07-28 03:24:17 ::1 POST /login/check - 64290 - ::1 Mozilla/5.0+(Windows+NT+10.0;+WOW64)+AppleWebKit/537.36+(KHTML,+like+Gecko)+Chrome/63.0.3239.132+Safari/537.36 http://localhost:64290/Login/Index 200 0 0 2
2018-07-28 03:24:17 ::1 POST /login/check - 64290 - ::1 Mozilla/5.0+(Windows+NT+10.0;+WOW64)+AppleWebKit/537.36+(KHTML,+like+Gecko)+Chrome/63.0.3239.132+Safari/537.36 http://localhost:64290/Login/Index 200 0 0 2
2018-07-28 03:24:17 ::1 POST /login/check - 64290 - ::1 Mozilla/5.0+(Windows+NT+10.0;+WOW64)+AppleWebKit/537.36+(KHTML,+like+Gecko)+Chrome/63.0.3239.132+Safari/537.36 http://localhost:64290/Login/Index 200 0 0 1
2018-07-28 03:24:18 ::1 POST /login/check - 64290 - ::1 Mozilla/5.0+(Windows+NT+10.0;+WOW64)+AppleWebKit/537.36+(KHTML,+like+Gecko)+Chrome/63.0.3239.132+Safari/537.36 http://localhost:64290/Login/Index 200 0 0 1
2018-07-28 03:24:20 ::1 POST /login/check - 64290 - ::1 Mozilla/5.0+(Windows+NT+10.0;+WOW64)+AppleWebKit/537.36+(KHTML,+like+Gecko)+Chrome/63.0.3239.132+Safari/537.36 http://localhost:64290/Login/Index 200 0 0 1
2018-07-28 03:24:20 ::1 POST /login/check - 64290 - ::1 Mozilla/5.0+(Windows+NT+10.0;+WOW64)+AppleWebKit/537.36+(KHTML,+like+Gecko)+Chrome/63.0.3239.132+Safari/537.36 http://localhost:64290/Login/Index 200 0 0 3
2018-07-28 03:24:20 ::1 POST /login/check - 64290 - ::1 Mozilla/5.0+(Windows+NT+10.0;+WOW64)+AppleWebKit/537.36+(KHTML,+like+Gecko)+Chrome/63.0.3239.132+Safari/537.36 http://localhost:64290/Login/Index 200 0 0 1
2018-07-28 03:24:42 ::1 GET /Login/Index - 64290 - ::1 Mozilla/5.0+(Windows+NT+10.0;+WOW64)+AppleWebKit/537.36+(KHTML,+like+Gecko)+Chrome/63.0.3239.132+Safari/537.36 - 200 0 0 268
2018-07-28 03:24:42 ::1 GET /login/code - 64290 - ::1 Mozilla/5.0+(Windows+NT+10.0;+WOW64)+AppleWebKit/537.36+(KHTML,+like+Gecko)+Chrome/63.0.3239.132+Safari/537.36 http://localhost:64290/Login/Index 200 0 0 5
2018-07-28 03:24:42 ::1 GET /login/code update=46870 64290 - ::1 Mozilla/5.0+(Windows+NT+10.0;+WOW64)+AppleWebKit/537.36+(KHTML,+like+Gecko)+Chrome/63.0.3239.132+Safari/537.36 http://localhost:64290/Login/Index 200 0 0 3
2018-07-28 03:24:51 ::1 GET /Login/Index - 64290 - ::1 Mozilla/5.0+(Windows+NT+10.0;+WOW64)+AppleWebKit/537.36+(KHTML,+like+Gecko)+Chrome/63.0.3239.132+Safari/537.36 - 200 0 0 278
2018-07-28 03:24:51 ::1 GET /login/code - 64290 - ::1 Mozilla/5.0+(Windows+NT+10.0;+WOW64)+AppleWebKit/537.36+(KHTML,+like+Gecko)+Chrome/63.0.3239.132+Safari/537.36 http://localhost:64290/Login/Index 200 0 0 8
2018-07-28 03:24:51 ::1 GET /login/code update=13579 64290 - ::1 Mozilla/5.0+(Windows+NT+10.0;+WOW64)+AppleWebKit/537.36+(KHTML,+like+Gecko)+Chrome/63.0.3239.132+Safari/537.36 http://localhost:64290/Login/Index 200 0 0 4
2018-07-28 03:27:33 ::1 GET /Login/Index - 64290 - ::1 Mozilla/5.0+(Windows+NT+10.0;+WOW64)+AppleWebKit/537.36+(KHTML,+like+Gecko)+Chrome/63.0.3239.132+Safari/537.36 - 200 0 0 280
2018-07-28 03:27:33 ::1 GET /login/code - 64290 - ::1 Mozilla/5.0+(Windows+NT+10.0;+WOW64)+AppleWebKit/537.36+(KHTML,+like+Gecko)+Chrome/63.0.3239.132+Safari/537.36 http://localhost:64290/Login/Index 200 0 0 9
2018-07-28 03:27:33 ::1 GET /login/code update=68464 64290 - ::1 Mozilla/5.0+(Windows+NT+10.0;+WOW64)+AppleWebKit/537.36+(KHTML,+like+Gecko)+Chrome/63.0.3239.132+Safari/537.36 http://localhost:64290/Login/Index 200 0 0 6
2018-07-28 03:27:48 ::1 GET /Login/Index - 64290 - ::1 Mozilla/5.0+(Windows+NT+10.0;+WOW64)+AppleWebKit/537.36+(KHTML,+like+Gecko)+Chrome/63.0.3239.132+Safari/537.36 - 200 0 0 253
2018-07-28 03:27:48 ::1 GET /login/code - 64290 - ::1 Mozilla/5.0+(Windows+NT+10.0;+WOW64)+AppleWebKit/537.36+(KHTML,+like+Gecko)+Chrome/63.0.3239.132+Safari/537.36 http://localhost:64290/Login/Index 200 0 0 5
2018-07-28 03:27:48 ::1 GET /login/code update=80599 64290 - ::1 Mozilla/5.0+(Windows+NT+10.0;+WOW64)+AppleWebKit/537.36+(KHTML,+like+Gecko)+Chrome/63.0.3239.132+Safari/537.36 http://localhost:64290/Login/Index 200 0 0 4
2018-07-28 03:30:34 ::1 GET /Login/Index - 64290 - ::1 Mozilla/5.0+(Windows+NT+10.0;+WOW64)+AppleWebKit/537.36+(KHTML,+like+Gecko)+Chrome/63.0.3239.132+Safari/537.36 - 200 0 0 284
2018-07-28 03:30:34 ::1 GET /static/images/lastLogin.jpg - 64290 - ::1 Mozilla/5.0+(Windows+NT+10.0;+WOW64)+AppleWebKit/537.36+(KHTML,+like+Gecko)+Chrome/63.0.3239.132+Safari/537.36 http://localhost:64290/Login/Index 304 0 0 5
2018-07-28 03:30:34 ::1 GET /login/code - 64290 - ::1 Mozilla/5.0+(Windows+NT+10.0;+WOW64)+AppleWebKit/537.36+(KHTML,+like+Gecko)+Chrome/63.0.3239.132+Safari/537.36 http://localhost:64290/Login/Index 200 0 0 8
2018-07-28 03:30:34 ::1 GET /login/code update=50560 64290 - ::1 Mozilla/5.0+(Windows+NT+10.0;+WOW64)+AppleWebKit/537.36+(KHTML,+like+Gecko)+Chrome/63.0.3239.132+Safari/537.36 http://localhost:64290/Login/Index 200 0 0 4
2018-07-28 03:30:48 ::1 GET /Login/Index - 64290 - ::1 Mozilla/5.0+(Windows+NT+10.0;+WOW64)+AppleWebKit/537.36+(KHTML,+like+Gecko)+Chrome/63.0.3239.132+Safari/537.36 - 200 0 0 265
2018-07-28 03:30:48 ::1 GET /login/code - 64290 - ::1 Mozilla/5.0+(Windows+NT+10.0;+WOW64)+AppleWebKit/537.36+(KHTML,+like+Gecko)+Chrome/63.0.3239.132+Safari/537.36 http://localhost:64290/Login/Index 200 0 0 5
2018-07-28 03:30:48 ::1 GET /login/code update=25327 64290 - ::1 Mozilla/5.0+(Windows+NT+10.0;+WOW64)+AppleWebKit/537.36+(KHTML,+like+Gecko)+Chrome/63.0.3239.132+Safari/537.36 http://localhost:64290/Login/Index 200 0 0 3
2018-07-28 03:30:55 ::1 GET /Login/Index - 64290 - ::1 Mozilla/5.0+(Windows+NT+10.0;+WOW64)+AppleWebKit/537.36+(KHTML,+like+Gecko)+Chrome/63.0.3239.132+Safari/537.36 - 200 0 0 337
2018-07-28 03:30:55 ::1 GET /login/code - 64290 - ::1 Mozilla/5.0+(Windows+NT+10.0;+WOW64)+AppleWebKit/537.36+(KHTML,+like+Gecko)+Chrome/63.0.3239.132+Safari/537.36 http://localhost:64290/Login/Index 200 0 0 8
2018-07-28 03:30:55 ::1 GET /login/code update=4890. 64290 - ::1 Mozilla/5.0+(Windows+NT+10.0;+WOW64)+AppleWebKit/537.36+(KHTML,+like+Gecko)+Chrome/63.0.3239.132+Safari/537.36 http://localhost:64290/Login/Index 200 0 0 3
2018-07-28 03:30:55 ::1 GET /Login/Index - 64290 - ::1 Mozilla/5.0+(Windows+NT+10.0;+WOW64)+AppleWebKit/537.36+(KHTML,+like+Gecko)+Chrome/63.0.3239.132+Safari/537.36 - 200 0 0 2
2018-07-28 03:30:55 ::1 GET /login/code - 64290 - ::1 Mozilla/5.0+(Windows+NT+10.0;+WOW64)+AppleWebKit/537.36+(KHTML,+like+Gecko)+Chrome/63.0.3239.132+Safari/537.36 http://localhost:64290/Login/Index 200 0 0 6
2018-07-28 03:30:55 ::1 GET /login/code update=4304. 64290 - ::1 Mozilla/5.0+(Windows+NT+10.0;+WOW64)+AppleWebKit/537.36+(KHTML,+like+Gecko)+Chrome/63.0.3239.132+Safari/537.36 http://localhost:64290/Login/Index 200 0 0 4
2018-07-28 03:30:55 ::1 GET /Login/Index - 64290 - ::1 Mozilla/5.0+(Windows+NT+10.0;+WOW64)+AppleWebKit/537.36+(KHTML,+like+Gecko)+Chrome/63.0.3239.132+Safari/537.36 - 200 0 0 3
2018-07-28 03:30:55 ::1 GET /login/code - 64290 - ::1 Mozilla/5.0+(Windows+NT+10.0;+WOW64)+AppleWebKit/537.36+(KHTML,+like+Gecko)+Chrome/63.0.3239.132+Safari/537.36 http://localhost:64290/Login/Index 200 0 0 15
2018-07-28 03:30:55 ::1 GET /login/code update=93451 64290 - ::1 Mozilla/5.0+(Windows+NT+10.0;+WOW64)+AppleWebKit/537.36+(KHTML,+like+Gecko)+Chrome/63.0.3239.132+Safari/537.36 http://localhost:64290/Login/Index 200 0 0 3
2018-07-28 03:31:04 ::1 GET /Login/Index - 64290 - ::1 Mozilla/5.0+(Windows+NT+10.0;+WOW64)+AppleWebKit/537.36+(KHTML,+like+Gecko)+Chrome/63.0.3239.132+Safari/537.36 - 200 0 0 4
2018-07-28 03:31:04 ::1 GET /login/code - 64290 - ::1 Mozilla/5.0+(Windows+NT+10.0;+WOW64)+AppleWebKit/537.36+(KHTML,+like+Gecko)+Chrome/63.0.3239.132+Safari/537.36 http://localhost:64290/Login/Index 200 0 0 7
2018-07-28 03:31:04 ::1 GET /login/code update=54702 64290 - ::1 Mozilla/5.0+(Windows+NT+10.0;+WOW64)+AppleWebKit/537.36+(KHTML,+like+Gecko)+Chrome/63.0.3239.132+Safari/537.36 http://localhost:64290/Login/Index 200 0 0 4
2018-07-28 03:31:16 ::1 GET /Login/Index - 64290 - ::1 Mozilla/5.0+(Windows+NT+10.0;+WOW64)+AppleWebKit/537.36+(KHTML,+like+Gecko)+Chrome/63.0.3239.132+Safari/537.36 - 200 0 0 257
2018-07-28 03:31:16 ::1 GET /login/code - 64290 - ::1 Mozilla/5.0+(Windows+NT+10.0;+WOW64)+AppleWebKit/537.36+(KHTML,+like+Gecko)+Chrome/63.0.3239.132+Safari/537.36 http://localhost:64290/Login/Index 200 0 0 8
2018-07-28 03:31:16 ::1 GET /login/code update=7806. 64290 - ::1 Mozilla/5.0+(Windows+NT+10.0;+WOW64)+AppleWebKit/537.36+(KHTML,+like+Gecko)+Chrome/63.0.3239.132+Safari/537.36 http://localhost:64290/Login/Index 200 0 0 3
2018-07-28 03:31:22 ::1 GET /Login/Index - 64290 - ::1 Mozilla/5.0+(Windows+NT+10.0;+WOW64)+AppleWebKit/537.36+(KHTML,+like+Gecko)+Chrome/63.0.3239.132+Safari/537.36 - 200 0 0 270
2018-07-28 03:31:22 ::1 GET /login/code - 64290 - ::1 Mozilla/5.0+(Windows+NT+10.0;+WOW64)+AppleWebKit/537.36+(KHTML,+like+Gecko)+Chrome/63.0.3239.132+Safari/537.36 http://localhost:64290/Login/Index 200 0 0 11
2018-07-28 03:31:22 ::1 GET /login/code update=13447 64290 - ::1 Mozilla/5.0+(Windows+NT+10.0;+WOW64)+AppleWebKit/537.36+(KHTML,+like+Gecko)+Chrome/63.0.3239.132+Safari/537.36 http://localhost:64290/Login/Index 200 0 0 6
2018-07-28 03:33:53 ::1 GET /Login/Index - 64290 - ::1 Mozilla/5.0+(Windows+NT+10.0;+WOW64)+AppleWebKit/537.36+(KHTML,+like+Gecko)+Chrome/63.0.3239.132+Safari/537.36 - 200 0 0 274
2018-07-28 03:33:53 ::1 GET /login/code - 64290 - ::1 Mozilla/5.0+(Windows+NT+10.0;+WOW64)+AppleWebKit/537.36+(KHTML,+like+Gecko)+Chrome/63.0.3239.132+Safari/537.36 http://localhost:64290/Login/Index 200 0 0 8
2018-07-28 03:33:53 ::1 GET /static/images/00.jpg - 64290 - ::1 Mozilla/5.0+(Windows+NT+10.0;+WOW64)+AppleWebKit/537.36+(KHTML,+like+Gecko)+Chrome/63.0.3239.132+Safari/537.36 http://localhost:64290/Login/Index 200 0 0 16
2018-07-28 03:33:53 ::1 GET /login/code update=84385 64290 - ::1 Mozilla/5.0+(Windows+NT+10.0;+WOW64)+AppleWebKit/537.36+(KHTML,+like+Gecko)+Chrome/63.0.3239.132+Safari/537.36 http://localhost:64290/Login/Index 200 0 0 4
2018-07-28 03:34:06 ::1 GET /Login/Index - 64290 - ::1 Mozilla/5.0+(Windows+NT+10.0;+WOW64)+AppleWebKit/537.36+(KHTML,+like+Gecko)+Chrome/63.0.3239.132+Safari/537.36 - 200 0 0 269
2018-07-28 03:34:06 ::1 GET /static/images/00.jpg - 64290 - ::1 Mozilla/5.0+(Windows+NT+10.0;+WOW64)+AppleWebKit/537.36+(KHTML,+like+Gecko)+Chrome/63.0.3239.132+Safari/537.36 http://localhost:64290/Login/Index 304 0 0 2
2018-07-28 03:34:06 ::1 GET /login/code - 64290 - ::1 Mozilla/5.0+(Windows+NT+10.0;+WOW64)+AppleWebKit/537.36+(KHTML,+like+Gecko)+Chrome/63.0.3239.132+Safari/537.36 http://localhost:64290/Login/Index 200 0 0 12
2018-07-28 03:34:06 ::1 GET /login/code update=99309 64290 - ::1 Mozilla/5.0+(Windows+NT+10.0;+WOW64)+AppleWebKit/537.36+(KHTML,+like+Gecko)+Chrome/63.0.3239.132+Safari/537.36 http://localhost:64290/Login/Index 200 0 0 10
2018-07-28 03:34:17 ::1 GET /Login/Index - 64290 - ::1 Mozilla/5.0+(Windows+NT+10.0;+WOW64)+AppleWebKit/537.36+(KHTML,+like+Gecko)+Chrome/63.0.3239.132+Safari/537.36 - 200 0 0 249
2018-07-28 03:34:17 ::1 GET /static/images/00.jpg - 64290 - ::1 Mozilla/5.0+(Windows+NT+10.0;+WOW64)+AppleWebKit/537.36+(KHTML,+like+Gecko)+Chrome/63.0.3239.132+Safari/537.36 http://localhost:64290/Login/Index 304 0 0 5
2018-07-28 03:34:17 ::1 GET /login/code - 64290 - ::1 Mozilla/5.0+(Windows+NT+10.0;+WOW64)+AppleWebKit/537.36+(KHTML,+like+Gecko)+Chrome/63.0.3239.132+Safari/537.36 http://localhost:64290/Login/Index 200 0 0 5
2018-07-28 03:34:17 ::1 GET /login/code update=50841 64290 - ::1 Mozilla/5.0+(Windows+NT+10.0;+WOW64)+AppleWebKit/537.36+(KHTML,+like+Gecko)+Chrome/63.0.3239.132+Safari/537.36 http://localhost:64290/Login/Index 200 0 0 10
2018-07-28 03:34:28 ::1 GET /Login/Index - 64290 - ::1 Mozilla/5.0+(Windows+NT+10.0;+WOW64)+AppleWebKit/537.36+(KHTML,+like+Gecko)+Chrome/63.0.3239.132+Safari/537.36 - 200 0 0 293
2018-07-28 03:34:28 ::1 GET /static/images/00.jpg - 64290 - ::1 Mozilla/5.0+(Windows+NT+10.0;+WOW64)+AppleWebKit/537.36+(KHTML,+like+Gecko)+Chrome/63.0.3239.132+Safari/537.36 http://localhost:64290/Login/Index 304 0 0 8
2018-07-28 03:34:28 ::1 GET /login/code - 64290 - ::1 Mozilla/5.0+(Windows+NT+10.0;+WOW64)+AppleWebKit/537.36+(KHTML,+like+Gecko)+Chrome/63.0.3239.132+Safari/537.36 http://localhost:64290/Login/Index 200 0 0 11
2018-07-28 03:34:28 ::1 GET /login/code update=25229 64290 - ::1 Mozilla/5.0+(Windows+NT+10.0;+WOW64)+AppleWebKit/537.36+(KHTML,+like+Gecko)+Chrome/63.0.3239.132+Safari/537.36 http://localhost:64290/Login/Index 200 0 0 7
#Software: Microsoft Internet Information Services 10.0
#Version: 1.0
#Date: 2018-07-28 04:04:31
#Fields: date time s-ip cs-method cs-uri-stem cs-uri-query s-port cs-username c-ip cs(User-Agent) cs(Referer) sc-status sc-substatus sc-win32-status time-taken
2018-07-28 04:04:31 ::1 GET /Login/Index - 64290 - ::1 Mozilla/5.0+(Windows+NT+10.0;+WOW64)+AppleWebKit/537.36+(KHTML,+like+Gecko)+Chrome/63.0.3239.132+Safari/537.36 - 200 0 64 2278
2018-07-28 04:04:31 ::1 GET /Login/Index - 64290 - ::1 Mozilla/5.0+(Windows+NT+10.0;+WOW64)+AppleWebKit/537.36+(KHTML,+like+Gecko)+Chrome/63.0.3239.132+Safari/537.36 - 200 0 0 1901
2018-07-28 04:04:31 ::1 GET /Login/Index - 64290 - ::1 Mozilla/5.0+(Windows+NT+10.0;+WOW64)+AppleWebKit/537.36+(KHTML,+like+Gecko)+Chrome/63.0.3239.132+Safari/537.36 - 200 0 64 2662
2018-07-28 04:04:31 ::1 GET /Login/Index - 64290 - ::1 Mozilla/5.0+(Windows+NT+10.0;+WOW64)+AppleWebKit/537.36+(KHTML,+like+Gecko)+Chrome/63.0.3239.132+Safari/537.36 - 200 0 64 2079
2018-07-28 04:04:31 ::1 GET /Login/Index - 64290 - ::1 Mozilla/5.0+(Windows+NT+10.0;+WOW64)+AppleWebKit/537.36+(KHTML,+like+Gecko)+Chrome/63.0.3239.132+Safari/537.36 - 200 0 64 3625
2018-07-28 04:04:31 ::1 GET /static/images/00.jpg - 64290 - ::1 Mozilla/5.0+(Windows+NT+10.0;+WOW64)+AppleWebKit/537.36+(KHTML,+like+Gecko)+Chrome/63.0.3239.132+Safari/537.36 http://localhost:64290/Login/Index 304 0 0 9
2018-07-28 04:04:31 ::1 GET /login/code - 64290 - ::1 Mozilla/5.0+(Windows+NT+10.0;+WOW64)+AppleWebKit/537.36+(KHTML,+like+Gecko)+Chrome/63.0.3239.132+Safari/537.36 http://localhost:64290/Login/Index 200 0 0 10
2018-07-28 04:04:31 ::1 GET /login/code update=71153 64290 - ::1 Mozilla/5.0+(Windows+NT+10.0;+WOW64)+AppleWebKit/537.36+(KHTML,+like+Gecko)+Chrome/63.0.3239.132+Safari/537.36 http://localhost:64290/Login/Index 200 0 0 4
2018-07-28 04:04:38 ::1 GET /Login/Index - 64290 - ::1 Mozilla/5.0+(Windows+NT+10.0;+WOW64)+AppleWebKit/537.36+(KHTML,+like+Gecko)+Chrome/63.0.3239.132+Safari/537.36 - 200 0 64 260
2018-07-28 04:04:38 ::1 GET /Login/Index - 64290 - ::1 Mozilla/5.0+(Windows+NT+10.0;+WOW64)+AppleWebKit/537.36+(KHTML,+like+Gecko)+Chrome/63.0.3239.132+Safari/537.36 - 200 0 0 102
2018-07-28 04:04:38 ::1 GET /Login/Index - 64290 - ::1 Mozilla/5.0+(Windows+NT+10.0;+WOW64)+AppleWebKit/537.36+(KHTML,+like+Gecko)+Chrome/63.0.3239.132+Safari/537.36 - 200 0 64 926
2018-07-28 04:04:38 ::1 GET /login/code - 64290 - ::1 Mozilla/5.0+(Windows+NT+10.0;+WOW64)+AppleWebKit/537.36+(KHTML,+like+Gecko)+Chrome/63.0.3239.132+Safari/537.36 http://localhost:64290/Login/Index 200 0 0 15
2018-07-28 04:04:38 ::1 GET /login/code update=43428 64290 - ::1 Mozilla/5.0+(Windows+NT+10.0;+WOW64)+AppleWebKit/537.36+(KHTML,+like+Gecko)+Chrome/63.0.3239.132+Safari/537.36 http://localhost:64290/Login/Index 200 0 0 4
2018-07-28 04:04:41 ::1 GET /Login/Index - 64290 - ::1 Mozilla/5.0+(Windows+NT+10.0;+WOW64)+AppleWebKit/537.36+(KHTML,+like+Gecko)+Chrome/63.0.3239.132+Safari/537.36 - 200 0 0 2
2018-07-28 04:04:41 ::1 GET /login/code - 64290 - ::1 Mozilla/5.0+(Windows+NT+10.0;+WOW64)+AppleWebKit/537.36+(KHTML,+like+Gecko)+Chrome/63.0.3239.132+Safari/537.36 http://localhost:64290/Login/Index 200 0 0 16
2018-07-28 04:04:41 ::1 GET /login/code update=90791 64290 - ::1 Mozilla/5.0+(Windows+NT+10.0;+WOW64)+AppleWebKit/537.36+(KHTML,+like+Gecko)+Chrome/63.0.3239.132+Safari/537.36 http://localhost:64290/Login/Index 200 0 0 7
