#Software: Microsoft Internet Information Services 10.0
#Version: 1.0
#Date: 2018-07-27 10:59:41
#Fields: date time s-ip cs-method cs-uri-stem cs-uri-query s-port cs-username c-ip cs(User-Agent) cs(Referer) sc-status sc-substatus sc-win32-status time-taken
2018-07-27 10:59:41 ::1 GET / - 64290 - ::1 Mozilla/5.0+(Windows+NT+10.0;+WOW64)+AppleWebKit/537.36+(KHTML,+like+Gecko)+Chrome/63.0.3239.132+Safari/537.36 - 302 0 0 5541
2018-07-27 10:59:42 ::1 GET /Login - 64290 - ::1 Mozilla/5.0+(Windows+NT+10.0;+WOW64)+AppleWebKit/537.36+(KHTML,+like+Gecko)+Chrome/63.0.3239.132+Safari/537.36 - 200 0 0 1009
2018-07-27 10:59:42 ::1 GET /static/js/jquery.min.js - 64290 - ::1 Mozilla/5.0+(Windows+NT+10.0;+WOW64)+AppleWebKit/537.36+(KHTML,+like+Gecko)+Chrome/63.0.3239.132+Safari/537.36 http://localhost:64290/Login 200 0 0 15
2018-07-27 10:59:42 ::1 GET /static/css/docs.css v=1 64290 - ::1 Mozilla/5.0+(Windows+NT+10.0;+WOW64)+AppleWebKit/537.36+(KHTML,+like+Gecko)+Chrome/63.0.3239.132+Safari/537.36 http://localhost:64290/Login 200 0 0 20
2018-07-27 10:59:42 ::1 GET /static/js/docs.js - 64290 - ::1 Mozilla/5.0+(Windows+NT+10.0;+WOW64)+AppleWebKit/537.36+(KHTML,+like+Gecko)+Chrome/63.0.3239.132+Safari/537.36 http://localhost:64290/Login 200 0 0 62
2018-07-27 10:59:42 ::1 GET /static/js/admin.js - 64290 - ::1 Mozilla/5.0+(Windows+NT+10.0;+WOW64)+AppleWebKit/537.36+(KHTML,+like+Gecko)+Chrome/63.0.3239.132+Safari/537.36 http://localhost:64290/Login 200 0 0 63
2018-07-27 10:59:42 ::1 GET /static/js/semantic.min.js - 64290 - ::1 Mozilla/5.0+(Windows+NT+10.0;+WOW64)+AppleWebKit/537.36+(KHTML,+like+Gecko)+Chrome/63.0.3239.132+Safari/537.36 http://localhost:64290/Login 200 0 0 67
2018-07-27 10:59:42 ::1 GET /static/css/semantic.min.css - 64290 - ::1 Mozilla/5.0+(Windows+NT+10.0;+WOW64)+AppleWebKit/537.36+(KHTML,+like+Gecko)+Chrome/63.0.3239.132+Safari/537.36 http://localhost:64290/Login 200 0 0 68
2018-07-27 10:59:42 ::1 GET /static/css/admin.css v=1 64290 - ::1 Mozilla/5.0+(Windows+NT+10.0;+WOW64)+AppleWebKit/537.36+(KHTML,+like+Gecko)+Chrome/63.0.3239.132+Safari/537.36 http://localhost:64290/Login 200 0 0 8
2018-07-27 10:59:42 ::1 GET /static/images/logo.png - 64290 - ::1 Mozilla/5.0+(Windows+NT+10.0;+WOW64)+AppleWebKit/537.36+(KHTML,+like+Gecko)+Chrome/63.0.3239.132+Safari/537.36 http://localhost:64290/Login 200 0 0 8
2018-07-27 10:59:42 ::1 GET /login/code - 64290 - ::1 Mozilla/5.0+(Windows+NT+10.0;+WOW64)+AppleWebKit/537.36+(KHTML,+like+Gecko)+Chrome/63.0.3239.132+Safari/537.36 http://localhost:64290/Login 200 0 0 66
2018-07-27 10:59:42 ::1 GET /login/code update=2307. 64290 - ::1 Mozilla/5.0+(Windows+NT+10.0;+WOW64)+AppleWebKit/537.36+(KHTML,+like+Gecko)+Chrome/63.0.3239.132+Safari/537.36 http://localhost:64290/Login 200 0 0 9
2018-07-27 10:59:42 ::1 GET /static/fonts/Lato-Regular.woff2 - 64290 - ::1 Mozilla/5.0+(Windows+NT+10.0;+WOW64)+AppleWebKit/537.36+(KHTML,+like+Gecko)+Chrome/63.0.3239.132+Safari/537.36 http://localhost:64290/static/css/docs.css?v=1 200 0 0 5
2018-07-27 10:59:42 ::1 GET /static/fonts/Lato-Bold.woff2 - 64290 - ::1 Mozilla/5.0+(Windows+NT+10.0;+WOW64)+AppleWebKit/537.36+(KHTML,+like+Gecko)+Chrome/63.0.3239.132+Safari/537.36 http://localhost:64290/static/css/docs.css?v=1 200 0 0 4
2018-07-27 10:59:42 ::1 GET /favicon.ico - 64290 - ::1 Mozilla/5.0+(Windows+NT+10.0;+WOW64)+AppleWebKit/537.36+(KHTML,+like+Gecko)+Chrome/63.0.3239.132+Safari/537.36 http://localhost:64290/Login 404 0 0 25
2018-07-27 10:59:50 ::1 GET /login/code update=6048. 64290 - ::1 Mozilla/5.0+(Windows+NT+10.0;+WOW64)+AppleWebKit/537.36+(KHTML,+like+Gecko)+Chrome/63.0.3239.132+Safari/537.36 http://localhost:64290/Login 200 0 0 5
2018-07-27 10:59:50 ::1 GET /login/code update=17901 64290 - ::1 Mozilla/5.0+(Windows+NT+10.0;+WOW64)+AppleWebKit/537.36+(KHTML,+like+Gecko)+Chrome/63.0.3239.132+Safari/537.36 http://localhost:64290/Login 200 0 0 3
2018-07-27 11:00:13 ::1 GET /Register - 64290 - ::1 Mozilla/5.0+(Windows+NT+10.0;+WOW64)+AppleWebKit/537.36+(KHTML,+like+Gecko)+Chrome/63.0.3239.132+Safari/537.36 http://localhost:64290/Login 200 0 0 12900
2018-07-27 11:00:13 ::1 GET /static/css/admin.css v=20180502v2 64290 - ::1 Mozilla/5.0+(Windows+NT+10.0;+WOW64)+AppleWebKit/537.36+(KHTML,+like+Gecko)+Chrome/63.0.3239.132+Safari/537.36 http://localhost:64290/Register 200 0 0 12
2018-07-27 11:00:13 ::1 GET /Static/js/semanticModelEXT.js - 64290 - ::1 Mozilla/5.0+(Windows+NT+10.0;+WOW64)+AppleWebKit/537.36+(KHTML,+like+Gecko)+Chrome/63.0.3239.132+Safari/537.36 http://localhost:64290/Register 200 0 0 16
2018-07-27 11:00:13 ::1 GET /Static/js/lodash.js - 64290 - ::1 Mozilla/5.0+(Windows+NT+10.0;+WOW64)+AppleWebKit/537.36+(KHTML,+like+Gecko)+Chrome/63.0.3239.132+Safari/537.36 http://localhost:64290/Register 200 0 0 16
2018-07-27 11:00:13 ::1 GET /static/css/docs.css v=20180502v2 64290 - ::1 Mozilla/5.0+(Windows+NT+10.0;+WOW64)+AppleWebKit/537.36+(KHTML,+like+Gecko)+Chrome/63.0.3239.132+Safari/537.36 http://localhost:64290/Register 200 0 0 18
2018-07-27 11:00:13 ::1 GET /static/js/admin.js 20180503 64290 - ::1 Mozilla/5.0+(Windows+NT+10.0;+WOW64)+AppleWebKit/537.36+(KHTML,+like+Gecko)+Chrome/63.0.3239.132+Safari/537.36 http://localhost:64290/Register 200 0 0 18
2018-07-27 11:00:25 ::1 GET / - 64290 - ::1 Mozilla/5.0+(Windows+NT+10.0;+WOW64)+AppleWebKit/537.36+(KHTML,+like+Gecko)+Chrome/63.0.3239.132+Safari/537.36 http://localhost:64290/Register 302 0 0 3
2018-07-27 11:00:25 ::1 GET /Login - 64290 - ::1 Mozilla/5.0+(Windows+NT+10.0;+WOW64)+AppleWebKit/537.36+(KHTML,+like+Gecko)+Chrome/63.0.3239.132+Safari/537.36 http://localhost:64290/Register 200 0 0 2
2018-07-27 11:00:25 ::1 GET /login/code - 64290 - ::1 Mozilla/5.0+(Windows+NT+10.0;+WOW64)+AppleWebKit/537.36+(KHTML,+like+Gecko)+Chrome/63.0.3239.132+Safari/537.36 http://localhost:64290/Login 200 0 0 11
2018-07-27 11:00:25 ::1 GET /login/code update=61360 64290 - ::1 Mozilla/5.0+(Windows+NT+10.0;+WOW64)+AppleWebKit/537.36+(KHTML,+like+Gecko)+Chrome/63.0.3239.132+Safari/537.36 http://localhost:64290/Login 200 0 0 3
2018-07-27 11:00:40 ::1 GET /login/code update=10717 64290 - ::1 Mozilla/5.0+(Windows+NT+10.0;+WOW64)+AppleWebKit/537.36+(KHTML,+like+Gecko)+Chrome/63.0.3239.132+Safari/537.36 http://localhost:64290/Login 200 0 0 4
2018-07-27 11:07:53 ::1 GET / - 64290 - ::1 Mozilla/5.0+(Windows+NT+10.0;+WOW64)+AppleWebKit/537.36+(KHTML,+like+Gecko)+Chrome/63.0.3239.132+Safari/537.36 - 302 0 0 2
2018-07-27 11:07:53 ::1 GET /Login - 64290 - ::1 Mozilla/5.0+(Windows+NT+10.0;+WOW64)+AppleWebKit/537.36+(KHTML,+like+Gecko)+Chrome/63.0.3239.132+Safari/537.36 - 200 0 0 6
2018-07-27 11:07:53 ::1 GET /login/code - 64290 - ::1 Mozilla/5.0+(Windows+NT+10.0;+WOW64)+AppleWebKit/537.36+(KHTML,+like+Gecko)+Chrome/63.0.3239.132+Safari/537.36 http://localhost:64290/Login 200 0 0 6
2018-07-27 11:07:53 ::1 GET /login/code update=47349 64290 - ::1 Mozilla/5.0+(Windows+NT+10.0;+WOW64)+AppleWebKit/537.36+(KHTML,+like+Gecko)+Chrome/63.0.3239.132+Safari/537.36 http://localhost:64290/Login 200 0 0 4
2018-07-27 11:08:03 ::1 POST /login/check - 64290 - ::1 Mozilla/5.0+(Windows+NT+10.0;+WOW64)+AppleWebKit/537.36+(KHTML,+like+Gecko)+Chrome/63.0.3239.132+Safari/537.36 http://localhost:64290/Login 200 0 0 644
2018-07-27 11:08:09 ::1 POST /login/check - 64290 - ::1 Mozilla/5.0+(Windows+NT+10.0;+WOW64)+AppleWebKit/537.36+(KHTML,+like+Gecko)+Chrome/63.0.3239.132+Safari/537.36 http://localhost:64290/Login 200 0 0 99
2018-07-27 11:09:26 ::1 GET /Register - 64290 - ::1 Mozilla/5.0+(Windows+NT+10.0;+WOW64)+AppleWebKit/537.36+(KHTML,+like+Gecko)+Chrome/63.0.3239.132+Safari/537.36 http://localhost:64290/Login 200 0 0 113
2018-07-27 11:11:55 ::1 GET /login/code update=45183 64290 - ::1 Mozilla/5.0+(Windows+NT+10.0;+WOW64)+AppleWebKit/537.36+(KHTML,+like+Gecko)+Chrome/63.0.3239.132+Safari/537.36 http://localhost:64290/Login 200 0 0 7
2018-07-27 11:17:30 ::1 GET /Login - 64290 - ::1 Mozilla/5.0+(Windows+NT+10.0;+WOW64)+AppleWebKit/537.36+(KHTML,+like+Gecko)+Chrome/63.0.3239.132+Safari/537.36 - 200 0 0 23
2018-07-27 11:17:30 ::1 GET /login/code - 64290 - ::1 Mozilla/5.0+(Windows+NT+10.0;+WOW64)+AppleWebKit/537.36+(KHTML,+like+Gecko)+Chrome/63.0.3239.132+Safari/537.36 http://localhost:64290/Login 200 0 0 6
2018-07-27 11:17:30 ::1 GET /login/code update=69160 64290 - ::1 Mozilla/5.0+(Windows+NT+10.0;+WOW64)+AppleWebKit/537.36+(KHTML,+like+Gecko)+Chrome/63.0.3239.132+Safari/537.36 http://localhost:64290/Login 200 0 0 3
2018-07-27 11:21:08 ::1 GET /Login - 64290 - ::1 Mozilla/5.0+(Windows+NT+10.0;+WOW64)+AppleWebKit/537.36+(KHTML,+like+Gecko)+Chrome/63.0.3239.132+Safari/537.36 - 200 0 0 3326
2018-07-27 11:21:08 ::1 GET /login/code - 64290 - ::1 Mozilla/5.0+(Windows+NT+10.0;+WOW64)+AppleWebKit/537.36+(KHTML,+like+Gecko)+Chrome/63.0.3239.132+Safari/537.36 http://localhost:64290/Login 200 0 0 8
2018-07-27 11:21:08 ::1 GET /login/code update=27439 64290 - ::1 Mozilla/5.0+(Windows+NT+10.0;+WOW64)+AppleWebKit/537.36+(KHTML,+like+Gecko)+Chrome/63.0.3239.132+Safari/537.36 http://localhost:64290/Login 200 0 0 3
2018-07-27 11:28:08 ::1 GET /Login - 64290 - ::1 Mozilla/5.0+(Windows+NT+10.0;+WOW64)+AppleWebKit/537.36+(KHTML,+like+Gecko)+Chrome/63.0.3239.132+Safari/537.36 - 200 0 0 302
2018-07-27 11:28:08 ::1 GET /login/code - 64290 - ::1 Mozilla/5.0+(Windows+NT+10.0;+WOW64)+AppleWebKit/537.36+(KHTML,+like+Gecko)+Chrome/63.0.3239.132+Safari/537.36 http://localhost:64290/Login 200 0 0 19
2018-07-27 11:28:08 ::1 GET /login/code update=28187 64290 - ::1 Mozilla/5.0+(Windows+NT+10.0;+WOW64)+AppleWebKit/537.36+(KHTML,+like+Gecko)+Chrome/63.0.3239.132+Safari/537.36 http://localhost:64290/Login 200 0 0 4
2018-07-27 11:28:08 ::1 GET /Static/images/wp.png - 64290 - ::1 Mozilla/5.0+(Windows+NT+10.0;+WOW64)+AppleWebKit/537.36+(KHTML,+like+Gecko)+Chrome/63.0.3239.132+Safari/537.36 http://localhost:64290/Login 200 0 0 5
2018-07-27 11:29:22 ::1 GET /Login - 64290 - ::1 Mozilla/5.0+(Windows+NT+10.0;+WOW64)+AppleWebKit/537.36+(KHTML,+like+Gecko)+Chrome/63.0.3239.132+Safari/537.36 - 200 0 0 294
2018-07-27 11:29:22 ::1 GET /static/images/wp.png - 64290 - ::1 Mozilla/5.0+(Windows+NT+10.0;+WOW64)+AppleWebKit/537.36+(KHTML,+like+Gecko)+Chrome/63.0.3239.132+Safari/537.36 http://localhost:64290/Login 200 0 0 4
2018-07-27 11:29:22 ::1 GET /login/code - 64290 - ::1 Mozilla/5.0+(Windows+NT+10.0;+WOW64)+AppleWebKit/537.36+(KHTML,+like+Gecko)+Chrome/63.0.3239.132+Safari/537.36 http://localhost:64290/Login 200 0 0 6
2018-07-27 11:29:22 ::1 GET /login/code update=51704 64290 - ::1 Mozilla/5.0+(Windows+NT+10.0;+WOW64)+AppleWebKit/537.36+(KHTML,+like+Gecko)+Chrome/63.0.3239.132+Safari/537.36 http://localhost:64290/Login 200 0 0 5
2018-07-27 11:29:22 ::1 GET /Login - 64290 - ::1 Mozilla/5.0+(Windows+NT+10.0;+WOW64)+AppleWebKit/537.36+(KHTML,+like+Gecko)+Chrome/63.0.3239.132+Safari/537.36 - 200 0 0 2
2018-07-27 11:29:22 ::1 GET /login/code - 64290 - ::1 Mozilla/5.0+(Windows+NT+10.0;+WOW64)+AppleWebKit/537.36+(KHTML,+like+Gecko)+Chrome/63.0.3239.132+Safari/537.36 http://localhost:64290/Login 200 0 0 15
2018-07-27 11:29:22 ::1 GET /login/code update=93992 64290 - ::1 Mozilla/5.0+(Windows+NT+10.0;+WOW64)+AppleWebKit/537.36+(KHTML,+like+Gecko)+Chrome/63.0.3239.132+Safari/537.36 http://localhost:64290/Login 200 0 0 3
2018-07-27 11:29:40 ::1 GET /Login - 64290 - ::1 Mozilla/5.0+(Windows+NT+10.0;+WOW64)+AppleWebKit/537.36+(KHTML,+like+Gecko)+Chrome/63.0.3239.132+Safari/537.36 - 200 0 0 300
2018-07-27 11:29:40 ::1 GET /login/code - 64290 - ::1 Mozilla/5.0+(Windows+NT+10.0;+WOW64)+AppleWebKit/537.36+(KHTML,+like+Gecko)+Chrome/63.0.3239.132+Safari/537.36 http://localhost:64290/Login 200 0 0 10
2018-07-27 11:29:40 ::1 GET /login/code update=36299 64290 - ::1 Mozilla/5.0+(Windows+NT+10.0;+WOW64)+AppleWebKit/537.36+(KHTML,+like+Gecko)+Chrome/63.0.3239.132+Safari/537.36 http://localhost:64290/Login 200 0 0 3
2018-07-27 11:29:40 ::1 GET /Login - 64290 - ::1 Mozilla/5.0+(Windows+NT+10.0;+WOW64)+AppleWebKit/537.36+(KHTML,+like+Gecko)+Chrome/63.0.3239.132+Safari/537.36 - 200 0 0 2
2018-07-27 11:29:40 ::1 GET /login/code - 64290 - ::1 Mozilla/5.0+(Windows+NT+10.0;+WOW64)+AppleWebKit/537.36+(KHTML,+like+Gecko)+Chrome/63.0.3239.132+Safari/537.36 http://localhost:64290/Login 200 0 0 11
2018-07-27 11:29:40 ::1 GET /login/code update=84747 64290 - ::1 Mozilla/5.0+(Windows+NT+10.0;+WOW64)+AppleWebKit/537.36+(KHTML,+like+Gecko)+Chrome/63.0.3239.132+Safari/537.36 http://localhost:64290/Login 200 0 0 4
2018-07-27 11:29:40 ::1 GET /Login - 64290 - ::1 Mozilla/5.0+(Windows+NT+10.0;+WOW64)+AppleWebKit/537.36+(KHTML,+like+Gecko)+Chrome/63.0.3239.132+Safari/537.36 - 200 0 0 2
2018-07-27 11:29:40 ::1 GET /login/code - 64290 - ::1 Mozilla/5.0+(Windows+NT+10.0;+WOW64)+AppleWebKit/537.36+(KHTML,+like+Gecko)+Chrome/63.0.3239.132+Safari/537.36 http://localhost:64290/Login 200 0 0 13
2018-07-27 11:29:41 ::1 GET /login/code update=23623 64290 - ::1 Mozilla/5.0+(Windows+NT+10.0;+WOW64)+AppleWebKit/537.36+(KHTML,+like+Gecko)+Chrome/63.0.3239.132+Safari/537.36 http://localhost:64290/Login 200 0 0 4
2018-07-27 11:29:43 ::1 GET /Login - 64290 - ::1 Mozilla/5.0+(Windows+NT+10.0;+WOW64)+AppleWebKit/537.36+(KHTML,+like+Gecko)+Chrome/63.0.3239.132+Safari/537.36 - 200 0 0 2
2018-07-27 11:29:43 ::1 GET /static/images/wp.png - 64290 - ::1 Mozilla/5.0+(Windows+NT+10.0;+WOW64)+AppleWebKit/537.36+(KHTML,+like+Gecko)+Chrome/63.0.3239.132+Safari/537.36 http://localhost:64290/Login 304 0 0 9
2018-07-27 11:29:43 ::1 GET /login/code - 64290 - ::1 Mozilla/5.0+(Windows+NT+10.0;+WOW64)+AppleWebKit/537.36+(KHTML,+like+Gecko)+Chrome/63.0.3239.132+Safari/537.36 http://localhost:64290/Login 200 0 0 6
2018-07-27 11:29:43 ::1 GET /login/code update=19116 64290 - ::1 Mozilla/5.0+(Windows+NT+10.0;+WOW64)+AppleWebKit/537.36+(KHTML,+like+Gecko)+Chrome/63.0.3239.132+Safari/537.36 http://localhost:64290/Login 200 0 0 5
2018-07-27 11:29:50 ::1 GET /Login - 64290 - ::1 Mozilla/5.0+(Windows+NT+10.0;+WOW64)+AppleWebKit/537.36+(KHTML,+like+Gecko)+Chrome/63.0.3239.132+Safari/537.36 - 200 0 0 263
2018-07-27 11:29:50 ::1 GET /login/code - 64290 - ::1 Mozilla/5.0+(Windows+NT+10.0;+WOW64)+AppleWebKit/537.36+(KHTML,+like+Gecko)+Chrome/63.0.3239.132+Safari/537.36 http://localhost:64290/Login 200 0 0 7
2018-07-27 11:29:50 ::1 GET /login/code update=11063 64290 - ::1 Mozilla/5.0+(Windows+NT+10.0;+WOW64)+AppleWebKit/537.36+(KHTML,+like+Gecko)+Chrome/63.0.3239.132+Safari/537.36 http://localhost:64290/Login 200 0 0 4
2018-07-27 11:29:51 ::1 GET /Login - 64290 - ::1 Mozilla/5.0+(Windows+NT+10.0;+WOW64)+AppleWebKit/537.36+(KHTML,+like+Gecko)+Chrome/63.0.3239.132+Safari/537.36 - 200 0 0 3
2018-07-27 11:29:51 ::1 GET /login/code - 64290 - ::1 Mozilla/5.0+(Windows+NT+10.0;+WOW64)+AppleWebKit/537.36+(KHTML,+like+Gecko)+Chrome/63.0.3239.132+Safari/537.36 http://localhost:64290/Login 200 0 0 16
2018-07-27 11:29:51 ::1 GET /login/code update=82521 64290 - ::1 Mozilla/5.0+(Windows+NT+10.0;+WOW64)+AppleWebKit/537.36+(KHTML,+like+Gecko)+Chrome/63.0.3239.132+Safari/537.36 http://localhost:64290/Login 200 0 0 3
2018-07-27 11:30:08 ::1 GET /Login - 64290 - ::1 Mozilla/5.0+(Windows+NT+10.0;+WOW64)+AppleWebKit/537.36+(KHTML,+like+Gecko)+Chrome/63.0.3239.132+Safari/537.36 - 200 0 0 282
2018-07-27 11:30:08 ::1 GET /static/images/wp.png - 64290 - ::1 Mozilla/5.0+(Windows+NT+10.0;+WOW64)+AppleWebKit/537.36+(KHTML,+like+Gecko)+Chrome/63.0.3239.132+Safari/537.36 http://localhost:64290/Login 304 0 0 3
2018-07-27 11:30:08 ::1 GET /login/code - 64290 - ::1 Mozilla/5.0+(Windows+NT+10.0;+WOW64)+AppleWebKit/537.36+(KHTML,+like+Gecko)+Chrome/63.0.3239.132+Safari/537.36 http://localhost:64290/Login 200 0 0 4
2018-07-27 11:30:08 ::1 GET /login/code update=50080 64290 - ::1 Mozilla/5.0+(Windows+NT+10.0;+WOW64)+AppleWebKit/537.36+(KHTML,+like+Gecko)+Chrome/63.0.3239.132+Safari/537.36 http://localhost:64290/Login 200 0 0 6
2018-07-27 11:30:08 ::1 GET /Login - 64290 - ::1 Mozilla/5.0+(Windows+NT+10.0;+WOW64)+AppleWebKit/537.36+(KHTML,+like+Gecko)+Chrome/63.0.3239.132+Safari/537.36 - 200 0 0 1
2018-07-27 11:30:08 ::1 GET /login/code - 64290 - ::1 Mozilla/5.0+(Windows+NT+10.0;+WOW64)+AppleWebKit/537.36+(KHTML,+like+Gecko)+Chrome/63.0.3239.132+Safari/537.36 http://localhost:64290/Login 200 0 0 18
2018-07-27 11:30:08 ::1 GET /login/code update=91908 64290 - ::1 Mozilla/5.0+(Windows+NT+10.0;+WOW64)+AppleWebKit/537.36+(KHTML,+like+Gecko)+Chrome/63.0.3239.132+Safari/537.36 http://localhost:64290/Login 200 0 0 3
2018-07-27 11:30:08 ::1 GET /Login - 64290 - ::1 Mozilla/5.0+(Windows+NT+10.0;+WOW64)+AppleWebKit/537.36+(KHTML,+like+Gecko)+Chrome/63.0.3239.132+Safari/537.36 - 200 0 0 2
2018-07-27 11:30:08 ::1 GET /login/code - 64290 - ::1 Mozilla/5.0+(Windows+NT+10.0;+WOW64)+AppleWebKit/537.36+(KHTML,+like+Gecko)+Chrome/63.0.3239.132+Safari/537.36 http://localhost:64290/Login 200 0 0 6
2018-07-27 11:30:08 ::1 GET /login/code update=8243. 64290 - ::1 Mozilla/5.0+(Windows+NT+10.0;+WOW64)+AppleWebKit/537.36+(KHTML,+like+Gecko)+Chrome/63.0.3239.132+Safari/537.36 http://localhost:64290/Login 200 0 0 5
2018-07-27 11:30:12 ::1 GET /Login - 64290 - ::1 Mozilla/5.0+(Windows+NT+10.0;+WOW64)+AppleWebKit/537.36+(KHTML,+like+Gecko)+Chrome/63.0.3239.132+Safari/537.36 - 200 0 0 282
2018-07-27 11:30:12 ::1 GET /login/code - 64290 - ::1 Mozilla/5.0+(Windows+NT+10.0;+WOW64)+AppleWebKit/537.36+(KHTML,+like+Gecko)+Chrome/63.0.3239.132+Safari/537.36 http://localhost:64290/Login 200 0 0 7
2018-07-27 11:30:12 ::1 GET /login/code update=28185 64290 - ::1 Mozilla/5.0+(Windows+NT+10.0;+WOW64)+AppleWebKit/537.36+(KHTML,+like+Gecko)+Chrome/63.0.3239.132+Safari/537.36 http://localhost:64290/Login 200 0 0 3
2018-07-27 11:30:12 ::1 GET /Login - 64290 - ::1 Mozilla/5.0+(Windows+NT+10.0;+WOW64)+AppleWebKit/537.36+(KHTML,+like+Gecko)+Chrome/63.0.3239.132+Safari/537.36 - 200 0 0 2
2018-07-27 11:30:12 ::1 GET /login/code - 64290 - ::1 Mozilla/5.0+(Windows+NT+10.0;+WOW64)+AppleWebKit/537.36+(KHTML,+like+Gecko)+Chrome/63.0.3239.132+Safari/537.36 http://localhost:64290/Login 200 0 0 11
2018-07-27 11:30:12 ::1 GET /login/code update=70463 64290 - ::1 Mozilla/5.0+(Windows+NT+10.0;+WOW64)+AppleWebKit/537.36+(KHTML,+like+Gecko)+Chrome/63.0.3239.132+Safari/537.36 http://localhost:64290/Login 200 0 0 4
2018-07-27 11:30:29 ::1 GET /Login - 64290 - ::1 Mozilla/5.0+(Windows+NT+10.0;+WOW64)+AppleWebKit/537.36+(KHTML,+like+Gecko)+Chrome/63.0.3239.132+Safari/537.36 - 200 0 0 271
2018-07-27 11:30:29 ::1 GET /login/code - 64290 - ::1 Mozilla/5.0+(Windows+NT+10.0;+WOW64)+AppleWebKit/537.36+(KHTML,+like+Gecko)+Chrome/63.0.3239.132+Safari/537.36 http://localhost:64290/Login 200 0 0 7
2018-07-27 11:30:29 ::1 GET /login/code update=52949 64290 - ::1 Mozilla/5.0+(Windows+NT+10.0;+WOW64)+AppleWebKit/537.36+(KHTML,+like+Gecko)+Chrome/63.0.3239.132+Safari/537.36 http://localhost:64290/Login 200 0 0 3
2018-07-27 11:30:29 ::1 GET /Login - 64290 - ::1 Mozilla/5.0+(Windows+NT+10.0;+WOW64)+AppleWebKit/537.36+(KHTML,+like+Gecko)+Chrome/63.0.3239.132+Safari/537.36 - 200 0 0 15
2018-07-27 11:30:29 ::1 GET /login/code - 64290 - ::1 Mozilla/5.0+(Windows+NT+10.0;+WOW64)+AppleWebKit/537.36+(KHTML,+like+Gecko)+Chrome/63.0.3239.132+Safari/537.36 http://localhost:64290/Login 200 0 0 25
2018-07-27 11:30:29 ::1 GET /login/code update=25755 64290 - ::1 Mozilla/5.0+(Windows+NT+10.0;+WOW64)+AppleWebKit/537.36+(KHTML,+like+Gecko)+Chrome/63.0.3239.132+Safari/537.36 http://localhost:64290/Login 200 0 0 16
2018-07-27 11:30:29 ::1 GET /Login - 64290 - ::1 Mozilla/5.0+(Windows+NT+10.0;+WOW64)+AppleWebKit/537.36+(KHTML,+like+Gecko)+Chrome/63.0.3239.132+Safari/537.36 - 200 0 0 2
2018-07-27 11:30:29 ::1 GET /login/code - 64290 - ::1 Mozilla/5.0+(Windows+NT+10.0;+WOW64)+AppleWebKit/537.36+(KHTML,+like+Gecko)+Chrome/63.0.3239.132+Safari/537.36 http://localhost:64290/Login 200 0 0 14
2018-07-27 11:30:29 ::1 GET /login/code update=52566 64290 - ::1 Mozilla/5.0+(Windows+NT+10.0;+WOW64)+AppleWebKit/537.36+(KHTML,+like+Gecko)+Chrome/63.0.3239.132+Safari/537.36 http://localhost:64290/Login 200 0 0 4
2018-07-27 11:30:49 ::1 GET /Login - 64290 - ::1 Mozilla/5.0+(Windows+NT+10.0;+WOW64)+AppleWebKit/537.36+(KHTML,+like+Gecko)+Chrome/63.0.3239.132+Safari/537.36 - 200 0 0 284
2018-07-27 11:30:49 ::1 GET /static/images/wp.png - 64290 - ::1 Mozilla/5.0+(Windows+NT+10.0;+WOW64)+AppleWebKit/537.36+(KHTML,+like+Gecko)+Chrome/63.0.3239.132+Safari/537.36 http://localhost:64290/Login 304 0 0 6
2018-07-27 11:30:49 ::1 GET /login/code - 64290 - ::1 Mozilla/5.0+(Windows+NT+10.0;+WOW64)+AppleWebKit/537.36+(KHTML,+like+Gecko)+Chrome/63.0.3239.132+Safari/537.36 http://localhost:64290/Login 200 0 0 7
2018-07-27 11:30:49 ::1 GET /login/code update=18525 64290 - ::1 Mozilla/5.0+(Windows+NT+10.0;+WOW64)+AppleWebKit/537.36+(KHTML,+like+Gecko)+Chrome/63.0.3239.132+Safari/537.36 http://localhost:64290/Login 200 0 0 5
#Software: Microsoft Internet Information Services 10.0
#Version: 1.0
#Date: 2018-07-27 11:54:16
#Fields: date time s-ip cs-method cs-uri-stem cs-uri-query s-port cs-username c-ip cs(User-Agent) cs(Referer) sc-status sc-substatus sc-win32-status time-taken
2018-07-27 11:54:16 ::1 GET /login/code update=38440 64290 - ::1 Mozilla/5.0+(Windows+NT+10.0;+WOW64)+AppleWebKit/537.36+(KHTML,+like+Gecko)+Chrome/63.0.3239.132+Safari/537.36 http://localhost:64290/Login 200 0 0 8
2018-07-27 11:54:16 ::1 GET /login/code update=91337 64290 - ::1 Mozilla/5.0+(Windows+NT+10.0;+WOW64)+AppleWebKit/537.36+(KHTML,+like+Gecko)+Chrome/63.0.3239.132+Safari/537.36 http://localhost:64290/Login 200 0 0 7
2018-07-27 11:54:18 ::1 GET /login/code update=80101 64290 - ::1 Mozilla/5.0+(Windows+NT+10.0;+WOW64)+AppleWebKit/537.36+(KHTML,+like+Gecko)+Chrome/63.0.3239.132+Safari/537.36 http://localhost:64290/Login 200 0 0 5
2018-07-27 11:54:20 ::1 GET /login/code update=12420 64290 - ::1 Mozilla/5.0+(Windows+NT+10.0;+WOW64)+AppleWebKit/537.36+(KHTML,+like+Gecko)+Chrome/63.0.3239.132+Safari/537.36 http://localhost:64290/Login 200 0 0 4
2018-07-27 11:54:21 ::1 GET /login/code update=13186 64290 - ::1 Mozilla/5.0+(Windows+NT+10.0;+WOW64)+AppleWebKit/537.36+(KHTML,+like+Gecko)+Chrome/63.0.3239.132+Safari/537.36 http://localhost:64290/Login 200 0 0 4
2018-07-27 11:54:22 ::1 GET /login/code update=82970 64290 - ::1 Mozilla/5.0+(Windows+NT+10.0;+WOW64)+AppleWebKit/537.36+(KHTML,+like+Gecko)+Chrome/63.0.3239.132+Safari/537.36 http://localhost:64290/Login 200 0 0 5
2018-07-27 11:54:22 ::1 GET /login/code update=66167 64290 - ::1 Mozilla/5.0+(Windows+NT+10.0;+WOW64)+AppleWebKit/537.36+(KHTML,+like+Gecko)+Chrome/63.0.3239.132+Safari/537.36 http://localhost:64290/Login 200 0 0 4
2018-07-27 11:54:23 ::1 GET /login/code update=67651 64290 - ::1 Mozilla/5.0+(Windows+NT+10.0;+WOW64)+AppleWebKit/537.36+(KHTML,+like+Gecko)+Chrome/63.0.3239.132+Safari/537.36 http://localhost:64290/Login 200 0 0 7
2018-07-27 11:54:25 ::1 GET /Login - 64290 - ::1 Mozilla/5.0+(Windows+NT+10.0;+WOW64)+AppleWebKit/537.36+(KHTML,+like+Gecko)+Chrome/63.0.3239.132+Safari/537.36 - 200 0 0 6
2018-07-27 11:54:25 ::1 GET /static/images/wp.png - 64290 - ::1 Mozilla/5.0+(Windows+NT+10.0;+WOW64)+AppleWebKit/537.36+(KHTML,+like+Gecko)+Chrome/63.0.3239.132+Safari/537.36 http://localhost:64290/Login 304 0 0 17
2018-07-27 11:54:25 ::1 GET /login/code - 64290 - ::1 Mozilla/5.0+(Windows+NT+10.0;+WOW64)+AppleWebKit/537.36+(KHTML,+like+Gecko)+Chrome/63.0.3239.132+Safari/537.36 http://localhost:64290/Login 200 0 0 10
2018-07-27 11:54:25 ::1 GET /login/code update=79371 64290 - ::1 Mozilla/5.0+(Windows+NT+10.0;+WOW64)+AppleWebKit/537.36+(KHTML,+like+Gecko)+Chrome/63.0.3239.132+Safari/537.36 http://localhost:64290/Login 200 0 0 5
#Software: Microsoft Internet Information Services 10.0
#Version: 1.0
#Date: 2018-07-27 13:21:09
#Fields: date time s-ip cs-method cs-uri-stem cs-uri-query s-port cs-username c-ip cs(User-Agent) cs(Referer) sc-status sc-substatus sc-win32-status time-taken
2018-07-27 13:21:09 ::1 GET / - 64290 - ::1 Mozilla/5.0+(Windows+NT+10.0;+WOW64)+AppleWebKit/537.36+(KHTML,+like+Gecko)+Chrome/63.0.3239.132+Safari/537.36 - 302 0 0 1070
2018-07-27 13:21:09 ::1 GET /Login - 64290 - ::1 Mozilla/5.0+(Windows+NT+10.0;+WOW64)+AppleWebKit/537.36+(KHTML,+like+Gecko)+Chrome/63.0.3239.132+Safari/537.36 - 200 0 0 64
2018-07-27 13:21:09 ::1 GET /static/js/jquery.min.js - 64290 - ::1 Mozilla/5.0+(Windows+NT+10.0;+WOW64)+AppleWebKit/537.36+(KHTML,+like+Gecko)+Chrome/63.0.3239.132+Safari/537.36 http://localhost:64290/Login 200 0 0 15
2018-07-27 13:21:09 ::1 GET /static/js/docs.js - 64290 - ::1 Mozilla/5.0+(Windows+NT+10.0;+WOW64)+AppleWebKit/537.36+(KHTML,+like+Gecko)+Chrome/63.0.3239.132+Safari/537.36 http://localhost:64290/Login 200 0 0 18
2018-07-27 13:21:09 ::1 GET /static/js/admin.js - 64290 - ::1 Mozilla/5.0+(Windows+NT+10.0;+WOW64)+AppleWebKit/537.36+(KHTML,+like+Gecko)+Chrome/63.0.3239.132+Safari/537.36 http://localhost:64290/Login 200 0 0 21
2018-07-27 13:21:09 ::1 GET /static/css/docs.css v=1 64290 - ::1 Mozilla/5.0+(Windows+NT+10.0;+WOW64)+AppleWebKit/537.36+(KHTML,+like+Gecko)+Chrome/63.0.3239.132+Safari/537.36 http://localhost:64290/Login 200 0 0 22
2018-07-27 13:21:09 ::1 GET /static/js/semantic.min.js - 64290 - ::1 Mozilla/5.0+(Windows+NT+10.0;+WOW64)+AppleWebKit/537.36+(KHTML,+like+Gecko)+Chrome/63.0.3239.132+Safari/537.36 http://localhost:64290/Login 200 0 0 27
2018-07-27 13:21:09 ::1 GET /static/css/admin.css v=1 64290 - ::1 Mozilla/5.0+(Windows+NT+10.0;+WOW64)+AppleWebKit/537.36+(KHTML,+like+Gecko)+Chrome/63.0.3239.132+Safari/537.36 http://localhost:64290/Login 200 0 0 8
2018-07-27 13:21:09 ::1 GET /static/css/semantic.min.css - 64290 - ::1 Mozilla/5.0+(Windows+NT+10.0;+WOW64)+AppleWebKit/537.36+(KHTML,+like+Gecko)+Chrome/63.0.3239.132+Safari/537.36 http://localhost:64290/Login 200 0 0 28
2018-07-27 13:21:09 ::1 GET /static/images/wp.png - 64290 - ::1 Mozilla/5.0+(Windows+NT+10.0;+WOW64)+AppleWebKit/537.36+(KHTML,+like+Gecko)+Chrome/63.0.3239.132+Safari/537.36 http://localhost:64290/Login 200 0 0 6
2018-07-27 13:21:09 ::1 GET /login/code - 64290 - ::1 Mozilla/5.0+(Windows+NT+10.0;+WOW64)+AppleWebKit/537.36+(KHTML,+like+Gecko)+Chrome/63.0.3239.132+Safari/537.36 http://localhost:64290/Login 200 0 0 59
2018-07-27 13:21:09 ::1 GET /login/code update=79697 64290 - ::1 Mozilla/5.0+(Windows+NT+10.0;+WOW64)+AppleWebKit/537.36+(KHTML,+like+Gecko)+Chrome/63.0.3239.132+Safari/537.36 http://localhost:64290/Login 200 0 0 4
2018-07-27 13:21:09 ::1 GET /static/fonts/Lato-Bold.woff2 - 64290 - ::1 Mozilla/5.0+(Windows+NT+10.0;+WOW64)+AppleWebKit/537.36+(KHTML,+like+Gecko)+Chrome/63.0.3239.132+Safari/537.36 http://localhost:64290/static/css/docs.css?v=1 200 0 0 5
2018-07-27 13:21:09 ::1 GET /static/fonts/Lato-Regular.woff2 - 64290 - ::1 Mozilla/5.0+(Windows+NT+10.0;+WOW64)+AppleWebKit/537.36+(KHTML,+like+Gecko)+Chrome/63.0.3239.132+Safari/537.36 http://localhost:64290/static/css/docs.css?v=1 200 0 0 5
2018-07-27 13:21:09 ::1 GET /favicon.ico - 64290 - ::1 Mozilla/5.0+(Windows+NT+10.0;+WOW64)+AppleWebKit/537.36+(KHTML,+like+Gecko)+Chrome/63.0.3239.132+Safari/537.36 http://localhost:64290/Login 404 0 0 41
2018-07-27 13:26:28 ::1 GET /Login - 64290 - ::1 Mozilla/5.0+(Windows+NT+10.0;+WOW64)+AppleWebKit/537.36+(KHTML,+like+Gecko)+Chrome/63.0.3239.132+Safari/537.36 - 200 0 0 21
2018-07-27 13:26:28 ::1 GET /login/code - 64290 - ::1 Mozilla/5.0+(Windows+NT+10.0;+WOW64)+AppleWebKit/537.36+(KHTML,+like+Gecko)+Chrome/63.0.3239.132+Safari/537.36 http://localhost:64290/Login 200 0 0 7
2018-07-27 13:26:28 ::1 GET /login/code update=1049. 64290 - ::1 Mozilla/5.0+(Windows+NT+10.0;+WOW64)+AppleWebKit/537.36+(KHTML,+like+Gecko)+Chrome/63.0.3239.132+Safari/537.36 http://localhost:64290/Login 200 0 0 4
2018-07-27 13:26:28 ::1 GET /Login - 64290 - ::1 Mozilla/5.0+(Windows+NT+10.0;+WOW64)+AppleWebKit/537.36+(KHTML,+like+Gecko)+Chrome/63.0.3239.132+Safari/537.36 - 200 0 0 1
2018-07-27 13:26:28 ::1 GET /login/code - 64290 - ::1 Mozilla/5.0+(Windows+NT+10.0;+WOW64)+AppleWebKit/537.36+(KHTML,+like+Gecko)+Chrome/63.0.3239.132+Safari/537.36 http://localhost:64290/Login 200 0 0 8
2018-07-27 13:26:28 ::1 GET /login/code update=38085 64290 - ::1 Mozilla/5.0+(Windows+NT+10.0;+WOW64)+AppleWebKit/537.36+(KHTML,+like+Gecko)+Chrome/63.0.3239.132+Safari/537.36 http://localhost:64290/Login 200 0 0 3
2018-07-27 13:26:28 ::1 GET /Login - 64290 - ::1 Mozilla/5.0+(Windows+NT+10.0;+WOW64)+AppleWebKit/537.36+(KHTML,+like+Gecko)+Chrome/63.0.3239.132+Safari/537.36 - 200 0 0 2
2018-07-27 13:26:28 ::1 GET /login/code - 64290 - ::1 Mozilla/5.0+(Windows+NT+10.0;+WOW64)+AppleWebKit/537.36+(KHTML,+like+Gecko)+Chrome/63.0.3239.132+Safari/537.36 http://localhost:64290/Login 200 0 0 11
2018-07-27 13:26:28 ::1 GET /login/code update=43034 64290 - ::1 Mozilla/5.0+(Windows+NT+10.0;+WOW64)+AppleWebKit/537.36+(KHTML,+like+Gecko)+Chrome/63.0.3239.132+Safari/537.36 http://localhost:64290/Login 200 0 0 4
2018-07-27 13:38:34 ::1 GET / - 64290 - ::1 Mozilla/5.0+(Windows+NT+10.0;+WOW64)+AppleWebKit/537.36+(KHTML,+like+Gecko)+Chrome/63.0.3239.132+Safari/537.36 - 302 0 0 4
2018-07-27 13:38:34 ::1 GET /Login - 64290 - ::1 Mozilla/5.0+(Windows+NT+10.0;+WOW64)+AppleWebKit/537.36+(KHTML,+like+Gecko)+Chrome/63.0.3239.132+Safari/537.36 - 200 0 0 6
2018-07-27 13:38:34 ::1 GET /static/images/wp.png - 64290 - ::1 Mozilla/5.0+(Windows+NT+10.0;+WOW64)+AppleWebKit/537.36+(KHTML,+like+Gecko)+Chrome/63.0.3239.132+Safari/537.36 http://localhost:64290/Login 304 0 0 11
2018-07-27 13:38:34 ::1 GET /login/code - 64290 - ::1 Mozilla/5.0+(Windows+NT+10.0;+WOW64)+AppleWebKit/537.36+(KHTML,+like+Gecko)+Chrome/63.0.3239.132+Safari/537.36 http://localhost:64290/Login 200 0 0 12
2018-07-27 13:38:34 ::1 GET /login/code update=41.37 64290 - ::1 Mozilla/5.0+(Windows+NT+10.0;+WOW64)+AppleWebKit/537.36+(KHTML,+like+Gecko)+Chrome/63.0.3239.132+Safari/537.36 http://localhost:64290/Login 200 0 0 5
2018-07-27 13:38:44 ::1 POST /login/check - 64290 - ::1 Mozilla/5.0+(Windows+NT+10.0;+WOW64)+AppleWebKit/537.36+(KHTML,+like+Gecko)+Chrome/63.0.3239.132+Safari/537.36 http://localhost:64290/Login 200 0 0 917
2018-07-27 13:38:44 ::1 POST /login/check - 64290 - ::1 Mozilla/5.0+(Windows+NT+10.0;+WOW64)+AppleWebKit/537.36+(KHTML,+like+Gecko)+Chrome/63.0.3239.132+Safari/537.36 http://localhost:64290/Login 200 0 0 104
2018-07-27 13:38:45 ::1 POST /login/check - 64290 - ::1 Mozilla/5.0+(Windows+NT+10.0;+WOW64)+AppleWebKit/537.36+(KHTML,+like+Gecko)+Chrome/63.0.3239.132+Safari/537.36 http://localhost:64290/Login 200 0 0 101
2018-07-27 13:38:45 ::1 POST /login/check - 64290 - ::1 Mozilla/5.0+(Windows+NT+10.0;+WOW64)+AppleWebKit/537.36+(KHTML,+like+Gecko)+Chrome/63.0.3239.132+Safari/537.36 http://localhost:64290/Login 200 0 0 101
2018-07-27 13:38:45 ::1 POST /login/check - 64290 - ::1 Mozilla/5.0+(Windows+NT+10.0;+WOW64)+AppleWebKit/537.36+(KHTML,+like+Gecko)+Chrome/63.0.3239.132+Safari/537.36 http://localhost:64290/Login 200 0 0 102
2018-07-27 13:38:45 ::1 POST /login/check - 64290 - ::1 Mozilla/5.0+(Windows+NT+10.0;+WOW64)+AppleWebKit/537.36+(KHTML,+like+Gecko)+Chrome/63.0.3239.132+Safari/537.36 http://localhost:64290/Login 200 0 0 100
2018-07-27 13:38:45 ::1 POST /login/check - 64290 - ::1 Mozilla/5.0+(Windows+NT+10.0;+WOW64)+AppleWebKit/537.36+(KHTML,+like+Gecko)+Chrome/63.0.3239.132+Safari/537.36 http://localhost:64290/Login 200 0 0 101
2018-07-27 13:38:45 ::1 POST /login/check - 64290 - ::1 Mozilla/5.0+(Windows+NT+10.0;+WOW64)+AppleWebKit/537.36+(KHTML,+like+Gecko)+Chrome/63.0.3239.132+Safari/537.36 http://localhost:64290/Login 200 0 0 102
2018-07-27 13:38:46 ::1 POST /login/check - 64290 - ::1 Mozilla/5.0+(Windows+NT+10.0;+WOW64)+AppleWebKit/537.36+(KHTML,+like+Gecko)+Chrome/63.0.3239.132+Safari/537.36 http://localhost:64290/Login 200 0 0 101
